2019-12-24 15:01:01 - CRUPDCF1 - Run updater '/bitrix/updates/update_m1577188861/aspro.allcorp/updater1.0.1.php': CopyFiles(install, modules/aspro.allcorp/install)
2019-12-24 15:01:01 - CRUPDCF1 - Run updater '/bitrix/updates/update_m1577188861/aspro.allcorp/updater1.0.1.php': CopyFiles(install/wizards, wizards)
2019-12-24 15:01:01 - CRUPDCF1 - Run updater '/bitrix/updates/update_m1577188861/aspro.allcorp/updater1.0.1.php': CopyFiles(install/components, components)
2019-12-24 15:01:01 - CRUPDCF1 - Run updater '/bitrix/updates/update_m1577188861/aspro.allcorp/updater1.0.1.php': CopyFiles(install/wizards/aspro/allcorp/site/templates/aspro-allcorp/js, templates/aspro-allcorp/js)
2019-12-24 15:01:01 - CRUPDCF1 - Run updater '/bitrix/updates/update_m1577188861/aspro.allcorp/updater1.0.1.php': CopyFiles(install/wizards/aspro/allcorp/site/templates/aspro-allcorp/css, templates/aspro-allcorp/css)
2019-12-24 15:01:01 - CRUPDCF1 - Run updater '/bitrix/updates/update_m1577188861/aspro.allcorp/updater1.0.1.php': CopyFiles(install/wizards/aspro/allcorp/site/templates/aspro-allcorp/template_styles.css, templates/aspro-allcorp/template_styles.css)
2019-12-24 15:01:01 - CRUPDCF1 - Run updater '/bitrix/updates/update_m1577188861/aspro.allcorp/updater1.0.1.php': CopyFiles(install/wizards/aspro/allcorp/site/templates/aspro-allcorp/components, templates/aspro-allcorp/components)
2019-12-24 15:01:02 - CRUPDCF1 - Run updater '/bitrix/updates/update_m1577188862/aspro.allcorp/updater1.0.2.php': CopyFiles(install, modules/aspro.allcorp/install)
2019-12-24 15:01:02 - CRUPDCF1 - Run updater '/bitrix/updates/update_m1577188862/aspro.allcorp/updater1.0.2.php': CopyFiles(install/wizards, wizards)
2019-12-24 15:01:02 - CRUPDCF1 - Run updater '/bitrix/updates/update_m1577188862/aspro.allcorp/updater1.0.2.php': CopyFiles(install/wizards/aspro/allcorp/site/templates/aspro-allcorp/template_styles.css, templates/aspro-allcorp/template_styles.css)
2019-12-24 15:01:02 - CRUPDCF1 - Run updater '/bitrix/updates/update_m1577188862/aspro.allcorp/updater1.0.2.php': CopyFiles(install/wizards/aspro/allcorp/site/templates/aspro-allcorp/components, templates/aspro-allcorp/components)
2019-12-24 15:01:04 - CRUPDCF1 - Run updater '/bitrix/updates/update_m1577188863/aspro.allcorp/updater1.0.3.php': CopyFiles(install, modules/aspro.allcorp/install)
2019-12-24 15:01:04 - CRUPDCF1 - Run updater '/bitrix/updates/update_m1577188863/aspro.allcorp/updater1.0.3.php': CopyFiles(install/wizards, wizards)
2019-12-24 15:01:04 - CRUPDCF1 - Run updater '/bitrix/updates/update_m1577188863/aspro.allcorp/updater1.0.3.php': CopyFiles(install/components, components)
2019-12-24 15:01:04 - CRUPDCF1 - Run updater '/bitrix/updates/update_m1577188863/aspro.allcorp/updater1.0.3.php': CopyFiles(install/wizards/aspro/allcorp/site/templates/aspro-allcorp/js, templates/aspro-allcorp/js)
2019-12-24 15:01:04 - CRUPDCF1 - Run updater '/bitrix/updates/update_m1577188863/aspro.allcorp/updater1.0.3.php': CopyFiles(install/wizards/aspro/allcorp/site/templates/aspro-allcorp/css, templates/aspro-allcorp/css)
2019-12-24 15:01:04 - CRUPDCF1 - Run updater '/bitrix/updates/update_m1577188863/aspro.allcorp/updater1.0.3.php': CopyFiles(install/wizards/aspro/allcorp/site/templates/aspro-allcorp/template_styles.css, templates/aspro-allcorp/template_styles.css)
2019-12-24 15:01:04 - CRUPDCF1 - Run updater '/bitrix/updates/update_m1577188863/aspro.allcorp/updater1.0.3.php': CopyFiles(install/wizards/aspro/allcorp/site/templates/aspro-allcorp/components, templates/aspro-allcorp/components)
2019-12-24 15:01:05 - CRUPDCF1 - Run updater '/bitrix/updates/update_m1577188865/aspro.allcorp/updater1.0.4.php': CopyFiles(install, modules/aspro.allcorp/install)
2019-12-24 15:01:05 - CRUPDCF1 - Run updater '/bitrix/updates/update_m1577188865/aspro.allcorp/updater1.0.4.php': CopyFiles(install/wizards, wizards)
2019-12-24 15:01:05 - CRUPDCF1 - Run updater '/bitrix/updates/update_m1577188865/aspro.allcorp/updater1.0.4.php': CopyFiles(install/components, components)
2019-12-24 15:01:05 - CRUPDCF1 - Run updater '/bitrix/updates/update_m1577188865/aspro.allcorp/updater1.0.4.php': CopyFiles(install/wizards/aspro/allcorp/site/templates/aspro-allcorp/css, templates/aspro-allcorp/css)
2019-12-24 15:01:05 - CRUPDCF1 - Run updater '/bitrix/updates/update_m1577188865/aspro.allcorp/updater1.0.4.php': CopyFiles(install/wizards/aspro/allcorp/site/templates/aspro-allcorp/template_styles.css, templates/aspro-allcorp/template_styles.css)
2019-12-24 15:01:05 - CRUPDCF1 - Run updater '/bitrix/updates/update_m1577188865/aspro.allcorp/updater1.0.4.php': CopyFiles(install/wizards/aspro/allcorp/site/templates/aspro-allcorp/components, templates/aspro-allcorp/components)
2019-12-24 15:01:06 - CRUPDCF1 - Run updater '/bitrix/updates/update_m1577188866/aspro.allcorp/updater1.0.5.php': CopyFiles(install, modules/aspro.allcorp/install)
2019-12-24 15:01:06 - CRUPDCF1 - Run updater '/bitrix/updates/update_m1577188866/aspro.allcorp/updater1.0.5.php': CopyFiles(install/wizards, wizards)
2019-12-24 15:01:06 - CRUPDCF1 - Run updater '/bitrix/updates/update_m1577188866/aspro.allcorp/updater1.0.5.php': CopyFiles(install/components, components)
2019-12-24 15:01:06 - CRUPDCF1 - Run updater '/bitrix/updates/update_m1577188866/aspro.allcorp/updater1.0.5.php': CopyFiles(install/wizards/aspro/allcorp/site/templates/aspro-allcorp/components, templates/aspro-allcorp/components)
2019-12-24 15:01:07 - CRUPDCF1 - Run updater '/bitrix/updates/update_m1577188867/aspro.allcorp/updater1.0.6.php': CopyFiles(install, modules/aspro.allcorp/install)
2019-12-24 15:01:07 - CRUPDCF1 - Run updater '/bitrix/updates/update_m1577188867/aspro.allcorp/updater1.0.6.php': CopyFiles(install/wizards, wizards)
2019-12-24 15:01:07 - CRUPDCF1 - Run updater '/bitrix/updates/update_m1577188867/aspro.allcorp/updater1.0.6.php': CopyFiles(install/wizards/aspro/allcorp/site/templates/aspro-allcorp/js, templates/aspro-allcorp/js)
2019-12-24 15:01:07 - CRUPDCF1 - Run updater '/bitrix/updates/update_m1577188867/aspro.allcorp/updater1.0.6.php': CopyFiles(install/wizards/aspro/allcorp/site/templates/aspro-allcorp/css, templates/aspro-allcorp/css)
2019-12-24 15:01:07 - CRUPDCF1 - Run updater '/bitrix/updates/update_m1577188867/aspro.allcorp/updater1.0.6.php': CopyFiles(install/wizards/aspro/allcorp/site/templates/aspro-allcorp/components, templates/aspro-allcorp/components)
2019-12-24 15:01:08 - CRUPDCF1 - Run updater '/bitrix/updates/update_m1577188868/aspro.allcorp/updater1.0.7.php': CopyFiles(install, modules/aspro.allcorp/install)
2019-12-24 15:01:08 - CRUPDCF1 - Run updater '/bitrix/updates/update_m1577188868/aspro.allcorp/updater1.0.7.php': CopyFiles(install/wizards, wizards)
2019-12-24 15:01:08 - CRUPDCF1 - Run updater '/bitrix/updates/update_m1577188868/aspro.allcorp/updater1.0.7.php': CopyFiles(install/components, components)
2019-12-24 15:01:08 - CRUPDCF1 - Run updater '/bitrix/updates/update_m1577188868/aspro.allcorp/updater1.0.7.php': CopyFiles(install/wizards/aspro/allcorp/site/templates/aspro-allcorp/js, templates/aspro-allcorp/js)
2019-12-24 15:01:08 - CRUPDCF1 - Run updater '/bitrix/updates/update_m1577188868/aspro.allcorp/updater1.0.7.php': CopyFiles(install/wizards/aspro/allcorp/site/templates/aspro-allcorp/components, templates/aspro-allcorp/components)
2019-12-24 15:01:09 - CRUPDCF1 - Run updater '/bitrix/updates/update_m1577188869/aspro.allcorp/updater1.0.8.php': CopyFiles(install, modules/aspro.allcorp/install)
2019-12-24 15:01:09 - CRUPDCF1 - Run updater '/bitrix/updates/update_m1577188869/aspro.allcorp/updater1.0.8.php': CopyFiles(install/wizards, wizards)
2019-12-24 15:01:09 - CRUPDCF1 - Run updater '/bitrix/updates/update_m1577188869/aspro.allcorp/updater1.0.8.php': CopyFiles(install/wizards/aspro/allcorp/site/templates/aspro-allcorp/components, templates/aspro-allcorp/components)
2019-12-24 15:01:10 - CRUPDCF1 - Run updater '/bitrix/updates/update_m1577188870/aspro.allcorp/updater1.0.9.php': CopyFiles(install, modules/aspro.allcorp/install)
2019-12-24 15:01:10 - CRUPDCF1 - Run updater '/bitrix/updates/update_m1577188870/aspro.allcorp/updater1.0.9.php': CopyFiles(install/wizards, wizards)
2019-12-24 15:01:10 - CRUPDCF1 - Run updater '/bitrix/updates/update_m1577188870/aspro.allcorp/updater1.0.9.php': CopyFiles(install/components, components)
2019-12-24 15:01:10 - CRUPDCF1 - Run updater '/bitrix/updates/update_m1577188870/aspro.allcorp/updater1.0.9.php': CopyFiles(install/wizards/aspro/allcorp/site/templates/aspro-allcorp/css, templates/aspro-allcorp/css)
2019-12-24 15:01:10 - CRUPDCF1 - Run updater '/bitrix/updates/update_m1577188870/aspro.allcorp/updater1.0.9.php': CopyFiles(install/wizards/aspro/allcorp/site/templates/aspro-allcorp/template_styles.css, templates/aspro-allcorp/template_styles.css)
2019-12-24 15:01:10 - CRUPDCF1 - Run updater '/bitrix/updates/update_m1577188870/aspro.allcorp/updater1.0.9.php': CopyFiles(install/wizards/aspro/allcorp/site/templates/aspro-allcorp/components, templates/aspro-allcorp/components)
2019-12-24 15:01:11 - CRUPDCF1 - Run updater '/bitrix/updates/update_m1577188871/aspro.allcorp/updater1.0.10.php': CopyFiles(install, modules/aspro.allcorp/install)
2019-12-24 15:01:11 - CRUPDCF1 - Run updater '/bitrix/updates/update_m1577188871/aspro.allcorp/updater1.0.10.php': CopyFiles(install/wizards, wizards)
2019-12-24 15:01:11 - CRUPDCF1 - Run updater '/bitrix/updates/update_m1577188871/aspro.allcorp/updater1.0.10.php': CopyFiles(install/wizards/aspro/allcorp/site/templates/aspro-allcorp/js, templates/aspro-allcorp/js)
2019-12-24 15:01:11 - CRUPDCF1 - Run updater '/bitrix/updates/update_m1577188871/aspro.allcorp/updater1.0.10.php': CopyFiles(install/wizards/aspro/allcorp/site/templates/aspro-allcorp/styles.css, templates/aspro-allcorp/styles.css)
2019-12-24 15:01:11 - CRUPDCF1 - Run updater '/bitrix/updates/update_m1577188871/aspro.allcorp/updater1.0.10.php': CopyFiles(install/wizards/aspro/allcorp/site/templates/aspro-allcorp/template_styles.css, templates/aspro-allcorp/template_styles.css)
2019-12-24 15:01:11 - CRUPDCF1 - Run updater '/bitrix/updates/update_m1577188871/aspro.allcorp/updater1.0.10.php': CopyFiles(install/wizards/aspro/allcorp/site/templates/aspro-allcorp/components, templates/aspro-allcorp/components)
2019-12-24 15:01:12 - CRUPDCF1 - Run updater '/bitrix/updates/update_m1577188872/aspro.allcorp/updater1.0.11.php': CopyFiles(install, modules/aspro.allcorp/install)
2019-12-24 15:01:14 - CRUPDCF1 - Run updater '/bitrix/updates/update_m1577188873/aspro.allcorp/updater1.0.12.php': CopyFiles(install, modules/aspro.allcorp/install)
2019-12-24 15:01:14 - CRUPDCF1 - Run updater '/bitrix/updates/update_m1577188873/aspro.allcorp/updater1.0.12.php': CopyFiles(install/wizards, wizards)
2019-12-24 15:01:14 - CRUPDCF1 - Run updater '/bitrix/updates/update_m1577188873/aspro.allcorp/updater1.0.12.php': CopyFiles(install/components, components)
2019-12-24 15:01:14 - CRUPDCF1 - Run updater '/bitrix/updates/update_m1577188873/aspro.allcorp/updater1.0.12.php': CopyFiles(install/wizards/aspro/allcorp/site/templates/aspro-allcorp/js, templates/aspro-allcorp/js)
2019-12-24 15:01:14 - CRUPDCF1 - Run updater '/bitrix/updates/update_m1577188873/aspro.allcorp/updater1.0.12.php': CopyFiles(install/wizards/aspro/allcorp/site/templates/aspro-allcorp/vendor, templates/aspro-allcorp/vendor)
2019-12-24 15:01:14 - CRUPDCF1 - Run updater '/bitrix/updates/update_m1577188873/aspro.allcorp/updater1.0.12.php': CopyFiles(install/wizards/aspro/allcorp/site/templates/aspro-allcorp/css, templates/aspro-allcorp/css)
2019-12-24 15:01:14 - CRUPDCF1 - Run updater '/bitrix/updates/update_m1577188873/aspro.allcorp/updater1.0.12.php': CopyFiles(install/wizards/aspro/allcorp/site/templates/aspro-allcorp/template_styles.css, templates/aspro-allcorp/template_styles.css)
2019-12-24 15:01:14 - CRUPDCF1 - Run updater '/bitrix/updates/update_m1577188873/aspro.allcorp/updater1.0.12.php': CopyFiles(install/wizards/aspro/allcorp/site/templates/aspro-allcorp/images, templates/aspro-allcorp/images)
2019-12-24 15:01:14 - CRUPDCF1 - Run updater '/bitrix/updates/update_m1577188873/aspro.allcorp/updater1.0.12.php': CopyFiles(install/wizards/aspro/allcorp/site/templates/aspro-allcorp/components, templates/aspro-allcorp/components)
2019-12-24 15:01:15 - CRUPDCF1 - Run updater '/bitrix/updates/update_m1577188875/aspro.allcorp/updater1.0.13.php': CopyFiles(install, modules/aspro.allcorp/install)
2019-12-24 15:01:15 - CRUPDCF1 - Run updater '/bitrix/updates/update_m1577188875/aspro.allcorp/updater1.0.13.php': CopyFiles(install/wizards, wizards)
2019-12-24 15:01:15 - CRUPDCF1 - Run updater '/bitrix/updates/update_m1577188875/aspro.allcorp/updater1.0.13.php': CopyFiles(install/wizards/aspro/allcorp/site/templates/aspro-allcorp/js, templates/aspro-allcorp/js)
2019-12-24 15:01:15 - CRUPDCF1 - Run updater '/bitrix/updates/update_m1577188875/aspro.allcorp/updater1.0.13.php': CopyFiles(install/wizards/aspro/allcorp/site/templates/aspro-allcorp/template_styles.css, templates/aspro-allcorp/template_styles.css)
2019-12-24 15:01:15 - CRUPDCF1 - Run updater '/bitrix/updates/update_m1577188875/aspro.allcorp/updater1.0.13.php': CopyFiles(install/wizards/aspro/allcorp/site/templates/aspro-allcorp/components, templates/aspro-allcorp/components)
2019-12-24 15:01:16 - CRUPDCF1 - Run updater '/bitrix/updates/update_m1577188876/aspro.allcorp/updater1.0.14.php': CopyFiles(install, modules/aspro.allcorp/install)
2019-12-24 15:01:16 - CRUPDCF1 - Run updater '/bitrix/updates/update_m1577188876/aspro.allcorp/updater1.0.14.php': CopyFiles(install/wizards, wizards)
2019-12-24 15:01:16 - CRUPDCF1 - Run updater '/bitrix/updates/update_m1577188876/aspro.allcorp/updater1.0.14.php': CopyFiles(install/wizards/aspro/allcorp/site/templates/aspro-allcorp/template_styles.css, templates/aspro-allcorp/template_styles.css)
2019-12-24 15:01:16 - CRUPDCF1 - Run updater '/bitrix/updates/update_m1577188876/aspro.allcorp/updater1.0.14.php': CopyFiles(install/wizards/aspro/allcorp/site/templates/aspro-allcorp/components, templates/aspro-allcorp/components)
2019-12-24 15:01:16 - CRUPDCF1 - Run updater '/bitrix/updates/update_m1577188876/aspro.allcorp/updater1.0.15.php': CopyFiles(install, modules/aspro.allcorp/install)
2019-12-24 15:01:16 - CRUPDCF1 - Run updater '/bitrix/updates/update_m1577188876/aspro.allcorp/updater1.0.15.php': CopyFiles(install/wizards, wizards)
2019-12-24 15:01:16 - CRUPDCF1 - Run updater '/bitrix/updates/update_m1577188876/aspro.allcorp/updater1.0.15.php': CopyFiles(install/wizards/aspro/allcorp/site/templates/aspro-allcorp/components, templates/aspro-allcorp/components)
2019-12-24 15:01:17 - CRUPDCF1 - Run updater '/bitrix/updates/update_m1577188877/aspro.allcorp/updater1.0.16.php': CopyFiles(install, modules/aspro.allcorp/install)
2019-12-24 15:01:17 - CRUPDCF1 - Run updater '/bitrix/updates/update_m1577188877/aspro.allcorp/updater1.0.16.php': CopyFiles(install/wizards, wizards)
2019-12-24 15:01:17 - CRUPDCF1 - Run updater '/bitrix/updates/update_m1577188877/aspro.allcorp/updater1.0.16.php': CopyFiles(install/components, components)
2019-12-24 15:01:17 - CRUPDCF1 - Run updater '/bitrix/updates/update_m1577188877/aspro.allcorp/updater1.0.16.php': CopyFiles(install/wizards/aspro/allcorp/site/templates/aspro-allcorp/lang, templates/aspro-allcorp/lang)
2019-12-24 15:01:17 - CRUPDCF1 - Run updater '/bitrix/updates/update_m1577188877/aspro.allcorp/updater1.0.16.php': CopyFiles(install/wizards/aspro/allcorp/site/templates/aspro-allcorp/js, templates/aspro-allcorp/js)
2019-12-24 15:01:17 - CRUPDCF1 - Run updater '/bitrix/updates/update_m1577188877/aspro.allcorp/updater1.0.16.php': CopyFiles(install/wizards/aspro/allcorp/site/templates/aspro-allcorp/components, templates/aspro-allcorp/components)
2019-12-24 15:01:19 - CRUPDCF1 - Run updater '/bitrix/updates/update_m1577188878/aspro.allcorp/updater1.0.17.php': CopyFiles(install, modules/aspro.allcorp/install)
2019-12-24 15:01:19 - CRUPDCF1 - Run updater '/bitrix/updates/update_m1577188878/aspro.allcorp/updater1.0.17.php': CopyFiles(install/wizards, wizards)
2019-12-24 15:01:19 - CRUPDCF1 - Run updater '/bitrix/updates/update_m1577188878/aspro.allcorp/updater1.0.17.php': CopyFiles(install/components, components)
2019-12-24 15:01:19 - CRUPDCF1 - Run updater '/bitrix/updates/update_m1577188878/aspro.allcorp/updater1.0.17.php': CopyFiles(install/wizards/aspro/allcorp/site/templates/aspro-allcorp/lang, templates/aspro-allcorp/lang)
2019-12-24 15:01:19 - CRUPDCF1 - Run updater '/bitrix/updates/update_m1577188878/aspro.allcorp/updater1.0.17.php': CopyFiles(install/wizards/aspro/allcorp/site/templates/aspro-allcorp/js, templates/aspro-allcorp/js)
2019-12-24 15:01:19 - CRUPDCF1 - Run updater '/bitrix/updates/update_m1577188878/aspro.allcorp/updater1.0.17.php': CopyFiles(install/wizards/aspro/allcorp/site/templates/aspro-allcorp/css, templates/aspro-allcorp/css)
2019-12-24 15:01:19 - CRUPDCF1 - Run updater '/bitrix/updates/update_m1577188878/aspro.allcorp/updater1.0.17.php': CopyFiles(install/wizards/aspro/allcorp/site/templates/aspro-allcorp/template_styles.css, templates/aspro-allcorp/template_styles.css)
2019-12-24 15:01:19 - CRUPDCF1 - Run updater '/bitrix/updates/update_m1577188878/aspro.allcorp/updater1.0.17.php': CopyFiles(install/wizards/aspro/allcorp/site/templates/aspro-allcorp/images, templates/aspro-allcorp/images)
2019-12-24 15:01:19 - CRUPDCF1 - Run updater '/bitrix/updates/update_m1577188878/aspro.allcorp/updater1.0.17.php': CopyFiles(install/wizards/aspro/allcorp/site/templates/aspro-allcorp/components, templates/aspro-allcorp/components)
2019-12-24 15:01:20 - CRUPDCF1 - Run updater '/bitrix/updates/update_m1577188880/aspro.allcorp/updater1.1.0.php': CopyFiles(install, modules/aspro.allcorp/install)
2019-12-24 15:01:20 - CRUPDCF1 - Run updater '/bitrix/updates/update_m1577188880/aspro.allcorp/updater1.1.0.php': CopyFiles(install/wizards, wizards)
2019-12-24 15:01:20 - CRUPDCF1 - Run updater '/bitrix/updates/update_m1577188880/aspro.allcorp/updater1.1.0.php': CopyFiles(install/components, components)
2019-12-24 15:01:20 - CRUPDCF1 - Run updater '/bitrix/updates/update_m1577188880/aspro.allcorp/updater1.1.0.php': CopyFiles(install/wizards/aspro/allcorp/site/templates/aspro-allcorp/js, templates/aspro-allcorp/js)
2019-12-24 15:01:20 - CRUPDCF1 - Run updater '/bitrix/updates/update_m1577188880/aspro.allcorp/updater1.1.0.php': CopyFiles(install/wizards/aspro/allcorp/site/templates/aspro-allcorp/css, templates/aspro-allcorp/css)
2019-12-24 15:01:20 - CRUPDCF1 - Run updater '/bitrix/updates/update_m1577188880/aspro.allcorp/updater1.1.0.php': CopyFiles(install/wizards/aspro/allcorp/site/templates/aspro-allcorp/template_styles.css, templates/aspro-allcorp/template_styles.css)
2019-12-24 15:01:20 - CRUPDCF1 - Run updater '/bitrix/updates/update_m1577188880/aspro.allcorp/updater1.1.0.php': CopyFiles(install/wizards/aspro/allcorp/site/templates/aspro-allcorp/components, templates/aspro-allcorp/components)
2019-12-24 15:01:21 - CRUPDCF1 - Run updater '/bitrix/updates/update_m1577188881/aspro.allcorp/updater1.1.1.php': CopyFiles(install, modules/aspro.allcorp/install)
2019-12-24 15:01:21 - CRUPDCF1 - Run updater '/bitrix/updates/update_m1577188881/aspro.allcorp/updater1.1.1.php': CopyFiles(install/wizards, wizards)
2019-12-24 15:01:21 - CRUPDCF1 - Run updater '/bitrix/updates/update_m1577188881/aspro.allcorp/updater1.1.2.php': CopyFiles(install, modules/aspro.allcorp/install)
2019-12-24 15:01:21 - CRUPDCF1 - Run updater '/bitrix/updates/update_m1577188881/aspro.allcorp/updater1.1.2.php': CopyFiles(install/wizards, wizards)
2019-12-24 15:01:21 - CRUPDCF1 - Run updater '/bitrix/updates/update_m1577188881/aspro.allcorp/updater1.1.2.php': CopyFiles(install/components, components)
2019-12-24 15:01:21 - CRUPDCF1 - Run updater '/bitrix/updates/update_m1577188881/aspro.allcorp/updater1.1.2.php': CopyFiles(install/wizards/aspro/allcorp/site/templates/aspro-allcorp/components, templates/aspro-allcorp/components)
2019-12-24 15:01:23 - CRUPDCF1 - Run updater '/bitrix/updates/update_m1577188882/aspro.allcorp/updater1.1.3.php': CopyFiles(install, modules/aspro.allcorp/install)
2019-12-24 15:01:23 - CRUPDCF1 - Run updater '/bitrix/updates/update_m1577188882/aspro.allcorp/updater1.1.3.php': CopyFiles(install/wizards, wizards)
2019-12-24 15:01:23 - CRUPDCF1 - Run updater '/bitrix/updates/update_m1577188882/aspro.allcorp/updater1.1.3.php': CopyFiles(install/wizards/aspro/allcorp/site/templates/aspro-allcorp/js, templates/aspro-allcorp/js)
2019-12-24 15:01:23 - CRUPDCF1 - Run updater '/bitrix/updates/update_m1577188882/aspro.allcorp/updater1.1.3.php': CopyFiles(install/wizards/aspro/allcorp/site/templates/aspro-allcorp/template_styles.css, templates/aspro-allcorp/template_styles.css)
2019-12-24 15:01:23 - CRUPDCF1 - Run updater '/bitrix/updates/update_m1577188882/aspro.allcorp/updater1.1.3.php': CopyFiles(install/wizards/aspro/allcorp/site/templates/aspro-allcorp/css, templates/aspro-allcorp/css)
2019-12-24 15:01:23 - CRUPDCF1 - Run updater '/bitrix/updates/update_m1577188882/aspro.allcorp/updater1.1.3.php': CopyFiles(install/wizards/aspro/allcorp/site/templates/aspro-allcorp/components, templates/aspro-allcorp/components)
2019-12-24 15:01:24 - CRUPDCF1 - Run updater '/bitrix/updates/update_m1577188884/aspro.allcorp/updater1.1.4.php': CopyFiles(install, modules/aspro.allcorp/install)
2019-12-24 15:01:24 - CRUPDCF1 - Run updater '/bitrix/updates/update_m1577188884/aspro.allcorp/updater1.1.4.php': CopyFiles(install/wizards, wizards)
2019-12-24 15:01:24 - CRUPDCF1 - Run updater '/bitrix/updates/update_m1577188884/aspro.allcorp/updater1.1.4.php': CopyFiles(install/components, components)
2019-12-24 15:01:24 - CRUPDCF1 - Run updater '/bitrix/updates/update_m1577188884/aspro.allcorp/updater1.1.4.php': CopyFiles(install/wizards/aspro/allcorp/site/templates/aspro-allcorp/js, templates/aspro-allcorp/js)
2019-12-24 15:01:24 - CRUPDCF1 - Run updater '/bitrix/updates/update_m1577188884/aspro.allcorp/updater1.1.4.php': CopyFiles(install/wizards/aspro/allcorp/site/templates/aspro-allcorp/template_styles.css, templates/aspro-allcorp/template_styles.css)
2019-12-24 15:01:24 - CRUPDCF1 - Run updater '/bitrix/updates/update_m1577188884/aspro.allcorp/updater1.1.4.php': CopyFiles(install/wizards/aspro/allcorp/site/templates/aspro-allcorp/css, templates/aspro-allcorp/css)
2019-12-24 15:01:24 - CRUPDCF1 - Run updater '/bitrix/updates/update_m1577188884/aspro.allcorp/updater1.1.4.php': CopyFiles(install/wizards/aspro/allcorp/site/templates/aspro-allcorp/template_styles.css, templates/aspro-allcorp/template_styles.css)
2019-12-24 15:01:24 - CRUPDCF1 - Run updater '/bitrix/updates/update_m1577188884/aspro.allcorp/updater1.1.4.php': CopyFiles(install/wizards/aspro/allcorp/site/templates/aspro-allcorp/template_styles.min.css, templates/aspro-allcorp/template_styles.min.css)
2019-12-24 15:01:24 - CRUPDCF1 - Run updater '/bitrix/updates/update_m1577188884/aspro.allcorp/updater1.1.4.php': CopyFiles(install/wizards/aspro/allcorp/site/templates/aspro-allcorp/components, templates/aspro-allcorp/components)
2019-12-24 15:01:25 - CRUPDCF1 - Run updater '/bitrix/updates/update_m1577188885/aspro.allcorp/updater1.1.5.php': CopyFiles(install, modules/aspro.allcorp/install)
2019-12-24 15:01:25 - CRUPDCF1 - Run updater '/bitrix/updates/update_m1577188885/aspro.allcorp/updater1.1.5.php': CopyFiles(install/wizards, wizards)
2019-12-24 15:01:25 - CRUPDCF1 - Run updater '/bitrix/updates/update_m1577188885/aspro.allcorp/updater1.1.5.php': CopyFiles(install/components, components)
2019-12-24 15:01:25 - CRUPDCF1 - Run updater '/bitrix/updates/update_m1577188885/aspro.allcorp/updater1.1.5.php': CopyFiles(install/wizards/aspro/allcorp/site/templates/aspro-allcorp/js, templates/aspro-allcorp/js)
2019-12-24 15:01:25 - CRUPDCF1 - Run updater '/bitrix/updates/update_m1577188885/aspro.allcorp/updater1.1.5.php': CopyFiles(install/wizards/aspro/allcorp/site/templates/aspro-allcorp/css, templates/aspro-allcorp/css)
2019-12-24 15:01:25 - CRUPDCF1 - Run updater '/bitrix/updates/update_m1577188885/aspro.allcorp/updater1.1.5.php': CopyFiles(install/wizards/aspro/allcorp/site/templates/aspro-allcorp/components, templates/aspro-allcorp/components)
2019-12-24 15:01:26 -  - exec CUpdateClient::GetUpdatesList
2019-12-24 15:01:26 -  - exec CUpdateClient::CollectRequestData
2019-12-24 15:01:26 -  - LICENSE_KEY=X&lang=ru&SUPD_VER=20.0.0&VERSION=20.0.0&TYPENC=F&SUPD_STS=1&SUPD_URS=0&SUPD_DBS=MYSQL&XE=N&CLIENT_SITE=kgbur.dev.dialtest.ru&CHHB=kgbur.dev.dialtest.ru&CSAB=127.0.0.1&SUID=d6a5a3e99275aca186d17d075fa52d57&CANGZIP=Y&CLIENT_PHPVER=7.3.11&stable=Y&NGINX=Y&SMD=N&rerere=Y&bitm_main=20.0.0&bitm_clouds=19.0.0&bitm_translate=18.0.100&bitm_highloadblock=19.0.0&bitm_messageservice=19.0.0&bitm_fileman=18.5.500&bitm_compression=19.0.0&bitm_socialservices=19.0.0&bitm_perfmon=18.5.0&bitm_ui=19.0.400&bitm_b24connector=18.5.0&bitm_bitrixcloud=18.5.0&bitm_rest=18.5.162&bitm_seo=19.0.800&bitm_search=18.5.200&bitm_landing=19.0.175&bitm_iblock=18.6.1000&bitl_en=&bitl_ru=&SUPD_SRS=RU&SUPD_CMP=Y&SALE_15=Y&LICENSE_SIGNED=%7Enew_license18_0_sign-N
2019-12-24 15:01:26 -  - exec CUpdateClient::GetHTTPPage
2019-12-24 15:01:26 -  - TIME GetUpdatesList(request) 0.181 sec
2019-12-24 15:01:26 -  - exec CUpdateClient::ParseServerData
2019-12-24 15:02:19 -  - exec CUpdateClient::GetUpdatesList
2019-12-24 15:02:19 -  - exec CUpdateClient::CollectRequestData
2019-12-24 15:02:19 -  - LICENSE_KEY=X&lang=ru&SUPD_VER=20.0.0&VERSION=20.0.0&TYPENC=F&SUPD_STS=1&SUPD_URS=0&SUPD_DBS=MYSQL&XE=N&CLIENT_SITE=kgbur.dev.dialtest.ru&CHHB=kgbur.dev.dialtest.ru&CSAB=127.0.0.1&SUID=d6a5a3e99275aca186d17d075fa52d57&CANGZIP=Y&CLIENT_PHPVER=7.3.11&stable=Y&NGINX=Y&SMD=N&rerere=Y&bitm_main=20.0.0&bitm_clouds=19.0.0&bitm_translate=18.0.100&bitm_highloadblock=19.0.0&bitm_messageservice=19.0.0&bitm_fileman=18.5.500&bitm_compression=19.0.0&bitm_socialservices=19.0.0&bitm_perfmon=18.5.0&bitm_ui=19.0.400&bitm_b24connector=18.5.0&bitm_bitrixcloud=18.5.0&bitm_rest=18.5.162&bitm_seo=19.0.800&bitm_search=18.5.200&bitm_landing=19.0.175&bitm_iblock=18.6.1000&bitl_en=&bitl_ru=&SUPD_SRS=RU&SUPD_CMP=Y&SALE_15=Y&LICENSE_SIGNED=%7Enew_license18_0_sign-N
2019-12-24 15:02:19 -  - exec CUpdateClient::GetHTTPPage
2019-12-24 15:02:19 -  - TIME GetUpdatesList(request) 0.179 sec
2019-12-24 15:02:19 -  - exec CUpdateClient::ParseServerData
2020-02-05 14:59:37 -  - exec CUpdateClient::GetUpdatesList
2020-02-05 14:59:37 -  - exec CUpdateClient::CollectRequestData
2020-02-05 14:59:37 -  - LICENSE_KEY=X&lang=ru&SUPD_VER=20.0.0&VERSION=20.0.0&TYPENC=F&SUPD_STS=1&SUPD_URS=0&SUPD_DBS=MYSQL&XE=N&CLIENT_SITE=kgbur.ru&CHHB=kgbur.ru&CSAB=127.0.0.1&SUID=d6a5a3e99275aca186d17d075fa52d57&CANGZIP=Y&CLIENT_PHPVER=7.3.13&stable=Y&NGINX=Y&SMD=N&rerere=Y&bitm_main=20.0.0&bitm_clouds=19.0.0&bitm_translate=18.0.100&bitm_highloadblock=19.0.0&bitm_messageservice=19.0.0&bitm_fileman=18.5.500&bitm_compression=19.0.0&bitm_socialservices=19.0.0&bitm_perfmon=18.5.0&bitm_ui=19.0.400&bitm_b24connector=18.5.0&bitm_bitrixcloud=18.5.0&bitm_rest=18.5.162&bitm_seo=19.0.800&bitm_search=18.5.200&bitm_landing=19.0.175&bitm_iblock=18.6.1000&bitl_en=&bitl_ru=&SUPD_SRS=RU&SUPD_CMP=Y&SALE_15=Y&LICENSE_SIGNED=%7Enew_license18_0_sign-N
2020-02-05 14:59:37 -  - exec CUpdateClient::GetHTTPPage
2020-02-05 14:59:37 -  - TIME GetUpdatesList(request) 0.197 sec
2020-02-05 14:59:37 -  - exec CUpdateClient::ParseServerData
2020-02-05 15:02:45 -  - exec CUpdateClient::GetUpdatesList
2020-02-05 15:02:45 -  - exec CUpdateClient::CollectRequestData
2020-02-05 15:02:45 -  - LICENSE_KEY=X&lang=ru&SUPD_VER=20.0.0&VERSION=20.0.0&TYPENC=F&SUPD_STS=1&SUPD_URS=0&SUPD_DBS=MYSQL&XE=N&CLIENT_SITE=kgbur.ru&CHHB=kgbur.ru&CSAB=127.0.0.1&SUID=d6a5a3e99275aca186d17d075fa52d57&CANGZIP=Y&CLIENT_PHPVER=7.3.13&stable=Y&NGINX=Y&SMD=N&rerere=Y&bitm_main=20.0.0&bitm_clouds=19.0.0&bitm_translate=18.0.100&bitm_highloadblock=19.0.0&bitm_messageservice=19.0.0&bitm_fileman=18.5.500&bitm_compression=19.0.0&bitm_socialservices=19.0.0&bitm_perfmon=18.5.0&bitm_ui=19.0.400&bitm_b24connector=18.5.0&bitm_bitrixcloud=18.5.0&bitm_rest=18.5.162&bitm_seo=19.0.800&bitm_search=18.5.200&bitm_landing=19.0.175&bitm_iblock=18.6.1000&bitl_en=&bitl_ru=&SUPD_SRS=RU&SUPD_CMP=Y&SALE_15=Y&LICENSE_SIGNED=%7Enew_license18_0_sign-N
2020-02-05 15:02:45 -  - exec CUpdateClient::GetHTTPPage
2020-02-05 15:02:45 -  - TIME GetUpdatesList(request) 0.399 sec
2020-02-05 15:02:45 -  - exec CUpdateClient::ParseServerData
2020-02-05 15:40:20 -  - exec CUpdateClient::GetUpdatesList
2020-02-05 15:40:20 -  - exec CUpdateClient::CollectRequestData
2020-02-05 15:40:20 -  - LICENSE_KEY=X&lang=ru&SUPD_VER=20.0.0&VERSION=20.0.0&TYPENC=F&SUPD_STS=1&SUPD_URS=0&SUPD_DBS=MYSQL&XE=N&CLIENT_SITE=kgbur.ru&CHHB=kgbur.ru&CSAB=127.0.0.1&SUID=d6a5a3e99275aca186d17d075fa52d57&CANGZIP=Y&CLIENT_PHPVER=7.3.13&stable=Y&NGINX=Y&SMD=N&rerere=Y&bitm_main=20.0.0&bitm_clouds=19.0.0&bitm_translate=18.0.100&bitm_highloadblock=19.0.0&bitm_messageservice=19.0.0&bitm_fileman=18.5.500&bitm_compression=19.0.0&bitm_socialservices=19.0.0&bitm_perfmon=18.5.0&bitm_ui=19.0.400&bitm_b24connector=18.5.0&bitm_bitrixcloud=18.5.0&bitm_rest=18.5.162&bitm_seo=19.0.800&bitm_search=18.5.200&bitm_landing=19.0.175&bitm_iblock=18.6.1000&bitl_en=&bitl_ru=&SUPD_SRS=RU&SUPD_CMP=Y&SALE_15=Y&LICENSE_SIGNED=%7Enew_license18_0_sign-N
2020-02-05 15:40:20 -  - exec CUpdateClient::GetHTTPPage
2020-02-05 15:40:21 -  - TIME GetUpdatesList(request) 1.307 sec
2020-02-05 15:40:21 -  - exec CUpdateClient::ParseServerData
2020-02-06 14:30:07 -  - exec CUpdateClient::GetUpdatesList
2020-02-06 14:30:07 -  - exec CUpdateClient::CollectRequestData
2020-02-06 14:30:07 -  - LICENSE_KEY=X&lang=ru&SUPD_VER=20.0.0&VERSION=20.0.0&TYPENC=F&SUPD_STS=1&SUPD_URS=0&SUPD_DBS=MYSQL&XE=N&CLIENT_SITE=kgbur.ru&CHHB=kgbur.ru&CSAB=127.0.0.1&SUID=d6a5a3e99275aca186d17d075fa52d57&CANGZIP=Y&CLIENT_PHPVER=7.3.13&stable=Y&NGINX=Y&SMD=N&rerere=Y&bitm_main=20.0.0&bitm_clouds=19.0.0&bitm_translate=18.0.100&bitm_highloadblock=19.0.0&bitm_messageservice=19.0.0&bitm_fileman=18.5.500&bitm_compression=19.0.0&bitm_socialservices=19.0.0&bitm_perfmon=18.5.0&bitm_ui=19.0.400&bitm_b24connector=18.5.0&bitm_bitrixcloud=18.5.0&bitm_rest=18.5.162&bitm_seo=19.0.800&bitm_search=18.5.200&bitm_landing=19.0.175&bitm_iblock=18.6.1000&bitl_en=&bitl_ru=&SUPD_SRS=RU&SUPD_CMP=Y&SALE_15=Y&LICENSE_SIGNED=%7Enew_license18_0_sign-N
2020-02-06 14:30:07 -  - exec CUpdateClient::GetHTTPPage
2020-02-06 14:30:08 -  - TIME GetUpdatesList(request) 0.204 sec
2020-02-06 14:30:08 -  - exec CUpdateClient::ParseServerData
2020-02-06 14:43:04 -  - exec CUpdateClient::GetUpdatesList
2020-02-06 14:43:04 -  - exec CUpdateClient::CollectRequestData
2020-02-06 14:43:04 -  - LICENSE_KEY=X&lang=ru&SUPD_VER=20.0.0&VERSION=20.0.0&TYPENC=F&SUPD_STS=1&SUPD_URS=0&SUPD_DBS=MYSQL&XE=N&CLIENT_SITE=kgbur.ru&CHHB=kgbur.ru&CSAB=127.0.0.1&SUID=d6a5a3e99275aca186d17d075fa52d57&CANGZIP=Y&CLIENT_PHPVER=7.3.13&stable=Y&NGINX=Y&SMD=N&rerere=Y&bitm_main=20.0.0&bitm_clouds=19.0.0&bitm_translate=18.0.100&bitm_highloadblock=19.0.0&bitm_messageservice=19.0.0&bitm_fileman=18.5.500&bitm_compression=19.0.0&bitm_socialservices=19.0.0&bitm_perfmon=18.5.0&bitm_ui=19.0.400&bitm_b24connector=18.5.0&bitm_bitrixcloud=18.5.0&bitm_rest=18.5.162&bitm_seo=19.0.800&bitm_search=18.5.200&bitm_landing=19.0.175&bitm_iblock=18.6.1000&bitl_en=&bitl_ru=&SUPD_SRS=RU&SUPD_CMP=Y&SALE_15=Y&LICENSE_SIGNED=%7Enew_license18_0_sign-N
2020-02-06 14:43:04 -  - exec CUpdateClient::GetHTTPPage
2020-02-06 14:43:04 -  - TIME GetUpdatesList(request) 0.283 sec
2020-02-06 14:43:04 -  - exec CUpdateClient::ParseServerData
2020-08-12 16:27:47 -  - exec CUpdateClient::GetUpdatesList
2020-08-12 16:27:47 -  - exec CUpdateClient::CollectRequestData
2020-08-12 16:27:47 -  - LICENSE_KEY=X&lang=ru&SUPD_VER=20.0.0&VERSION=20.0.0&TYPENC=F&SUPD_STS=1&SUPD_URS=0&SUPD_DBS=MYSQL&XE=N&CLIENT_SITE=kgbur.ru&CHHB=kgbur.ru&CSAB=127.0.0.1&SUID=d6a5a3e99275aca186d17d075fa52d57&CANGZIP=Y&CLIENT_PHPVER=7.0.33-0%2Bdeb9u8&stable=Y&NGINX=Y&SMD=N&rerere=Y&bitm_main=20.0.0&bitm_rest=18.5.162&bitm_landing=19.0.175&bitm_seo=19.0.800&bitm_iblock=18.6.1000&bitm_translate=18.0.100&bitm_messageservice=19.0.0&bitm_perfmon=18.5.0&bitm_highloadblock=19.0.0&bitm_ui=19.0.400&bitm_compression=19.0.0&bitm_socialservices=19.0.0&bitm_search=18.5.200&bitm_fileman=18.5.500&bitm_b24connector=18.5.0&bitm_bitrixcloud=18.5.0&bitm_clouds=19.0.0&bitl_ru=&bitl_en=&SUPD_SRS=RU&SUPD_CMP=Y&SALE_15=Y&LICENSE_SIGNED=%7Enew_license18_0_sign-N
2020-08-12 16:27:47 -  - exec CUpdateClient::GetHTTPPage
2020-08-12 16:27:47 -  - TIME GetUpdatesList(request) 0.323 sec
2020-08-12 16:27:47 -  - exec CUpdateClient::ParseServerData
2021-01-11 18:20:03 -  - exec CUpdateClient::GetUpdatesList
2021-01-11 18:20:03 -  - exec CUpdateClient::CollectRequestData
2021-01-11 18:20:03 -  - LICENSE_KEY=X&lang=ru&SUPD_VER=20.0.0&VERSION=20.0.0&TYPENC=F&SUPD_STS=1&SUPD_URS=0&SUPD_DBS=MYSQL&XE=N&CLIENT_SITE=kgbur.ru&CHHB=kgbur.ru&CSAB=127.0.0.1&SUID=d6a5a3e99275aca186d17d075fa52d57&CANGZIP=Y&CLIENT_PHPVER=7.0.33-0%2Bdeb9u10&stable=Y&NGINX=Y&SMD=N&rerere=Y&bitm_main=20.0.0&bitm_rest=18.5.162&bitm_landing=19.0.175&bitm_seo=19.0.800&bitm_iblock=18.6.1000&bitm_translate=18.0.100&bitm_messageservice=19.0.0&bitm_perfmon=18.5.0&bitm_highloadblock=19.0.0&bitm_ui=19.0.400&bitm_compression=19.0.0&bitm_socialservices=19.0.0&bitm_search=18.5.200&bitm_fileman=18.5.500&bitm_b24connector=18.5.0&bitm_bitrixcloud=18.5.0&bitm_clouds=19.0.0&bitl_ru=&bitl_en=&SUPD_SRS=RU&SUPD_CMP=Y&SALE_15=Y&LICENSE_SIGNED=%7Enew_license18_0_sign-N
2021-01-11 18:20:03 -  - exec CUpdateClient::GetHTTPPage
2021-01-11 18:20:04 -  - TIME GetUpdatesList(request) 0.316 sec
2021-01-11 18:20:04 -  - exec CUpdateClient::ParseServerData
2021-01-11 18:20:08 -  - exec CUpdateClient::GetUpdatesList
2021-01-11 18:20:08 -  - exec CUpdateClient::CollectRequestData
2021-01-11 18:20:08 -  - LICENSE_KEY=X&lang=ru&SUPD_VER=20.0.0&VERSION=20.0.0&TYPENC=F&SUPD_STS=1&SUPD_URS=0&SUPD_DBS=MYSQL&XE=N&CLIENT_SITE=kgbur.ru&CHHB=kgbur.ru&CSAB=127.0.0.1&SUID=d6a5a3e99275aca186d17d075fa52d57&CANGZIP=Y&CLIENT_PHPVER=7.0.33-0%2Bdeb9u10&stable=Y&NGINX=Y&SMD=N&rerere=Y&bitm_main=20.0.0&bitm_rest=18.5.162&bitm_landing=19.0.175&bitm_seo=19.0.800&bitm_iblock=18.6.1000&bitm_translate=18.0.100&bitm_messageservice=19.0.0&bitm_perfmon=18.5.0&bitm_highloadblock=19.0.0&bitm_ui=19.0.400&bitm_compression=19.0.0&bitm_socialservices=19.0.0&bitm_search=18.5.200&bitm_fileman=18.5.500&bitm_b24connector=18.5.0&bitm_bitrixcloud=18.5.0&bitm_clouds=19.0.0&bitl_ru=&bitl_en=&SUPD_SRS=RU&SUPD_CMP=Y&SALE_15=Y&LICENSE_SIGNED=%7Enew_license18_0_sign-N
2021-01-11 18:20:08 -  - exec CUpdateClient::GetHTTPPage
2021-01-11 18:20:08 -  - TIME GetUpdatesList(request) 0.219 sec
2021-01-11 18:20:08 -  - exec CUpdateClient::ParseServerData
2022-04-08 09:21:11 -  - exec CUpdateClient::GetUpdatesList
2022-04-08 09:21:11 -  - exec CUpdateClient::CollectRequestData
2022-04-08 09:21:11 -  - LICENSE_KEY=X&lang=ru&SUPD_VER=20.0.0&VERSION=20.0.0&TYPENC=F&SUPD_STS=1&SUPD_URS=0&SUPD_DBS=MYSQL&XE=N&CLIENT_SITE=kgbur.ru&CHHB=kgbur.ru&CSAB=127.0.0.1&SUID=d6a5a3e99275aca186d17d075fa52d57&CANGZIP=Y&CLIENT_PHPVER=7.0.33-0%2Bdeb9u12&stable=Y&NGINX=Y&SMD=N&rerere=Y&bitm_main=20.0.0&bitm_perfmon=18.5.0&bitm_iblock=18.6.1000&bitm_fileman=18.5.500&bitm_compression=19.0.0&bitm_rest=18.5.162&bitm_seo=19.0.800&bitm_search=18.5.200&bitm_messageservice=19.0.0&bitm_translate=18.0.100&bitm_clouds=19.0.0&bitm_b24connector=18.5.0&bitm_highloadblock=19.0.0&bitm_socialservices=19.0.0&bitm_landing=19.0.175&bitm_ui=19.0.400&bitm_bitrixcloud=18.5.0&bitl_en=&bitl_ru=&SUPD_SRS=RU&SUPD_CMP=Y&SALE_15=Y&LICENSE_SIGNED=%7Enew_license18_0_sign-N
2022-04-08 09:21:11 -  - exec CUpdateClient::GetHTTPPage
2022-04-08 09:21:12 -  - TIME GetUpdatesList(request) 0.191 sec
2022-04-08 09:21:12 -  - exec CUpdateClient::ParseServerData
2022-04-08 09:21:12 -  - exec CUpdateClient::executeCounters
2022-04-08 09:21:12 -  - exec CUpdateClient::CollectRequestData
2022-04-08 09:21:12 -  - LICENSE_KEY=X&lang=ru&SUPD_VER=20.0.0&VERSION=20.0.0&TYPENC=F&SUPD_STS=1&SUPD_URS=0&SUPD_DBS=MYSQL&XE=N&CLIENT_SITE=kgbur.ru&CHHB=kgbur.ru&CSAB=127.0.0.1&SUID=d6a5a3e99275aca186d17d075fa52d57&CANGZIP=Y&CLIENT_PHPVER=7.0.33-0%2Bdeb9u12&stable=Y&NGINX=Y&SMD=N&rerere=Y&bitm_main=20.0.0&bitm_perfmon=18.5.0&bitm_iblock=18.6.1000&bitm_fileman=18.5.500&bitm_compression=19.0.0&bitm_rest=18.5.162&bitm_seo=19.0.800&bitm_search=18.5.200&bitm_messageservice=19.0.0&bitm_translate=18.0.100&bitm_clouds=19.0.0&bitm_b24connector=18.5.0&bitm_highloadblock=19.0.0&bitm_socialservices=19.0.0&bitm_landing=19.0.175&bitm_ui=19.0.400&bitm_bitrixcloud=18.5.0&bitl_en=&bitl_ru=&SUPD_SRS=RU&SUPD_CMP=Y&SALE_15=Y&LICENSE_SIGNED=%7Enew_license18_0_sign-N&query_type=counter&cntr_result[370]=X&cntr_result[374]=20_Y&cntr_result[376]=X
2022-04-08 09:21:12 -  - exec CUpdateClient::GetHTTPPage
2022-04-08 09:21:12 -  - TIME executeCounters 0.192 sec
2022-04-08 09:24:10 -  - exec CUpdateClient::GetUpdatesList
2022-04-08 09:24:10 -  - exec CUpdateClient::CollectRequestData
2022-04-08 09:24:10 -  - LICENSE_KEY=X&lang=ru&SUPD_VER=20.0.0&VERSION=20.0.0&TYPENC=F&SUPD_STS=1&SUPD_URS=0&SUPD_DBS=MYSQL&XE=N&CLIENT_SITE=kgbur.ru&CHHB=kgbur.ru&CSAB=127.0.0.1&SUID=d6a5a3e99275aca186d17d075fa52d57&CANGZIP=Y&CLIENT_PHPVER=7.0.33-0%2Bdeb9u12&stable=Y&NGINX=Y&SMD=N&rerere=Y&bitm_main=20.0.0&bitm_perfmon=18.5.0&bitm_iblock=18.6.1000&bitm_fileman=18.5.500&bitm_compression=19.0.0&bitm_rest=18.5.162&bitm_seo=19.0.800&bitm_search=18.5.200&bitm_messageservice=19.0.0&bitm_translate=18.0.100&bitm_clouds=19.0.0&bitm_b24connector=18.5.0&bitm_highloadblock=19.0.0&bitm_socialservices=19.0.0&bitm_landing=19.0.175&bitm_ui=19.0.400&bitm_bitrixcloud=18.5.0&bitl_en=&bitl_ru=&SUPD_SRS=RU&SUPD_CMP=Y&SALE_15=Y&LICENSE_SIGNED=%7Enew_license18_0_sign-N
2022-04-08 09:24:10 -  - exec CUpdateClient::GetHTTPPage
2022-04-08 09:24:11 -  - TIME GetUpdatesList(request) 0.279 sec
2022-04-08 09:24:11 -  - exec CUpdateClient::ParseServerData
2022-04-08 09:47:36 -  - exec CUpdateClient::GetUpdatesList
2022-04-08 09:47:36 -  - exec CUpdateClient::CollectRequestData
2022-04-08 09:47:36 -  - LICENSE_KEY=X&lang=ru&SUPD_VER=20.0.0&VERSION=20.0.0&TYPENC=F&SUPD_STS=1&SUPD_URS=0&SUPD_DBS=MYSQL&XE=N&CLIENT_SITE=kgbur.ru&CHHB=kgbur.ru&CSAB=127.0.0.1&SUID=d6a5a3e99275aca186d17d075fa52d57&CANGZIP=Y&CLIENT_PHPVER=7.2.34&stable=Y&NGINX=Y&SMD=N&rerere=Y&bitm_main=20.0.0&bitm_perfmon=18.5.0&bitm_iblock=18.6.1000&bitm_fileman=18.5.500&bitm_compression=19.0.0&bitm_rest=18.5.162&bitm_seo=19.0.800&bitm_search=18.5.200&bitm_messageservice=19.0.0&bitm_translate=18.0.100&bitm_clouds=19.0.0&bitm_b24connector=18.5.0&bitm_highloadblock=19.0.0&bitm_socialservices=19.0.0&bitm_landing=19.0.175&bitm_ui=19.0.400&bitm_bitrixcloud=18.5.0&bitl_en=&bitl_ru=&SUPD_SRS=RU&SUPD_CMP=Y&SALE_15=Y&LICENSE_SIGNED=%7Enew_license18_0_sign-N
2022-04-08 09:47:36 -  - exec CUpdateClient::GetHTTPPage
2022-04-08 09:47:37 -  - TIME GetUpdatesList(request) 0.179 sec
2022-04-08 09:47:37 -  - exec CUpdateClient::ParseServerData
2022-09-08 12:10:30 -  - exec CUpdateClient::GetUpdatesList
2022-09-08 12:10:30 -  - exec CUpdateClient::CollectRequestData
2022-09-08 12:10:30 -  - LICENSE_KEY=X&lang=ru&SUPD_VER=20.0.0&VERSION=20.0.0&TYPENC=F&SUPD_STS=1&SUPD_URS=0&SUPD_DBS=MYSQL&XE=N&CLIENT_SITE=kgbur.ru&CHHB=kgbur.ru&CSAB=127.0.0.1&SUID=d6a5a3e99275aca186d17d075fa52d57&CANGZIP=Y&CLIENT_PHPVER=7.1.33&stable=Y&NGINX=Y&SMD=N&rerere=Y&bitm_main=20.0.0&bitm_clouds=19.0.0&bitm_rest=18.5.162&bitm_highloadblock=19.0.0&bitm_fileman=18.5.500&bitm_seo=19.0.800&bitm_b24connector=18.5.0&bitm_messageservice=19.0.0&bitm_landing=19.0.175&bitm_bitrixcloud=18.5.0&bitm_iblock=18.6.1000&bitm_search=18.5.200&bitm_compression=19.0.0&bitm_translate=18.0.100&bitm_socialservices=19.0.0&bitm_ui=19.0.400&bitm_perfmon=18.5.0&bitl_en=&bitl_ru=&SUPD_SRS=RU&SUPD_CMP=Y&SALE_15=Y&LICENSE_SIGNED=%7Enew_license18_0_sign-N
2022-09-08 12:10:30 -  - exec CUpdateClient::GetHTTPPage
2022-09-08 12:10:31 -  - TIME GetUpdatesList(request) 0.135 sec
2022-09-08 12:10:31 -  - exec CUpdateClient::ParseServerData
2022-09-08 12:10:33 -  - exec CUpdateClient::GetUpdatesList
2022-09-08 12:10:33 -  - exec CUpdateClient::CollectRequestData
2022-09-08 12:10:33 -  - LICENSE_KEY=X&lang=ru&SUPD_VER=20.0.0&VERSION=20.0.0&TYPENC=F&SUPD_STS=1&SUPD_URS=0&SUPD_DBS=MYSQL&XE=N&CLIENT_SITE=kgbur.ru&CHHB=kgbur.ru&CSAB=127.0.0.1&SUID=d6a5a3e99275aca186d17d075fa52d57&CANGZIP=Y&CLIENT_PHPVER=7.1.33&stable=Y&NGINX=Y&SMD=N&rerere=Y&bitm_main=20.0.0&bitm_clouds=19.0.0&bitm_rest=18.5.162&bitm_highloadblock=19.0.0&bitm_fileman=18.5.500&bitm_seo=19.0.800&bitm_b24connector=18.5.0&bitm_messageservice=19.0.0&bitm_landing=19.0.175&bitm_bitrixcloud=18.5.0&bitm_iblock=18.6.1000&bitm_search=18.5.200&bitm_compression=19.0.0&bitm_translate=18.0.100&bitm_socialservices=19.0.0&bitm_ui=19.0.400&bitm_perfmon=18.5.0&bitl_en=&bitl_ru=&SUPD_SRS=RU&SUPD_CMP=Y&SALE_15=Y&LICENSE_SIGNED=%7Enew_license18_0_sign-N
2022-09-08 12:10:33 -  - exec CUpdateClient::GetHTTPPage
2022-09-08 12:10:33 -  - TIME GetUpdatesList(request) 0.133 sec
2022-09-08 12:10:33 -  - exec CUpdateClient::ParseServerData
