2019-12-24 15:00:48 -  - exec CUpdateClientPartner::SearchModulesEx
2019-12-24 15:00:48 -  - exec CUpdateClientPartner::__CollectRequestData
2019-12-24 15:00:48 -  - utf=Y&lang=ru&stable=Y&CANGZIP=Y&SUPD_DBS=MYSQL&XE=N&CLIENT_SITE=kgbur.dev.dialtest.ru&LICENSE_KEY=X&SUPD_STS=1&SUPD_URS=0&SUPD_URSA=1&TYPENC=F&CLIENT_PHPVER=7.3.11&NGINX=Y&dbv=10.1.41&instm=main%2C20.0.0%2CN%3Bclouds%2C19.0.0%2CN%3Btranslate%2C18.0.100%2CN%3Bhighloadblock%2C19.0.0%2CN%3Bmessageservice%2C19.0.0%2CN%3Bfileman%2C18.5.500%2CN%3Bcompression%2C19.0.0%2CN%3Bsocialservices%2C19.0.0%2CN%3Bperfmon%2C18.5.0%2CN%3Bui%2C19.0.400%2CN%3Bb24connector%2C18.5.0%2CN%3Bbitrixcloud%2C18.5.0%2CN%3Brest%2C18.5.162%2CN%3Bseo%2C19.0.800%2CN%3Bsearch%2C18.5.200%2CN%3Blanding%2C19.0.175%2CN%3Bbitrix.sitecorporate%2C15.5.0%2CN%3Biblock%2C18.6.1000%2CN&search_module_id=&search_module=&search_category=7%2C14&search_type=&search_order=DESC&search_order_by=SORT&search_page=1&SUPD_SRS=RU&SUPD_CMP=N
2019-12-24 15:00:48 -  - exec CUpdateClientPartner::GetHTTPPage
2019-12-24 15:00:50 -  - TIME SearchModulesEx(request) 1.712 sec
2019-12-24 15:00:50 -  - exec CUpdateClientPartner::ParseServerData
2019-12-24 15:00:56 -  - exec CUpdateClientPartner::LoadModulesUpdates
2019-12-24 15:00:56 -  - exec CUpdateClientPartner::__CollectRequestData
2019-12-24 15:00:56 -  - utf=Y&lang=ru&stable=Y&CANGZIP=Y&SUPD_DBS=MYSQL&XE=N&CLIENT_SITE=kgbur.dev.dialtest.ru&LICENSE_KEY=X&SUPD_STS=1&SUPD_URS=0&SUPD_URSA=1&TYPENC=F&CLIENT_PHPVER=7.3.11&NGINX=Y&dbv=10.1.41&instm=main%2C20.0.0%2CN%3Bclouds%2C19.0.0%2CN%3Btranslate%2C18.0.100%2CN%3Bhighloadblock%2C19.0.0%2CN%3Bmessageservice%2C19.0.0%2CN%3Bfileman%2C18.5.500%2CN%3Bcompression%2C19.0.0%2CN%3Bsocialservices%2C19.0.0%2CN%3Bperfmon%2C18.5.0%2CN%3Bui%2C19.0.400%2CN%3Bb24connector%2C18.5.0%2CN%3Bbitrixcloud%2C18.5.0%2CN%3Brest%2C18.5.162%2CN%3Bseo%2C19.0.800%2CN%3Bsearch%2C18.5.200%2CN%3Blanding%2C19.0.175%2CN%3Bbitrix.sitecorporate%2C15.5.0%2CN%3Biblock%2C18.6.1000%2CN&reqm=aspro.allcorp&lim=Y&SUPD_SRS=RU&SUPD_CMP=N
2019-12-24 15:00:56 -  - exec CUpdateClientPartner::GetHTTPPage
2019-12-24 15:00:57 -  - TIME LoadModulesUpdates(request) 0.231 sec
2019-12-24 15:00:57 -  - exec CUpdateClientPartner::ParseServerData
2019-12-24 15:00:57 - S - STEP
2019-12-24 15:00:57 - LM4W01 - loadModule4Wizard-Step
2019-12-24 15:00:57 -  - exec CUpdateClientPartner::LoadModulesUpdates
2019-12-24 15:00:57 -  - exec CUpdateClientPartner::ParseServerData
2019-12-24 15:00:57 -  - loadFile
2019-12-24 15:00:59 - U - RETURN
2019-12-24 15:00:59 -  - exec CUpdateClientPartner::UnGzipArchive
2019-12-24 15:01:00 -  - TIME UnGzipArchive 0.614 sec
2019-12-24 15:01:00 -  - TIME UpdateStepModules 0.495 sec
2019-12-24 15:01:00 -  - exec CUpdateClientPartner::LoadModulesUpdates
2019-12-24 15:01:00 -  - exec CUpdateClientPartner::__CollectRequestData
2019-12-24 15:01:00 -  - utf=Y&lang=ru&stable=Y&CANGZIP=Y&SUPD_DBS=MYSQL&XE=N&CLIENT_SITE=kgbur.dev.dialtest.ru&LICENSE_KEY=X&SUPD_STS=1&SUPD_URS=0&SUPD_URSA=1&TYPENC=F&CLIENT_PHPVER=7.3.11&NGINX=Y&dbv=10.1.41&instm=main%2C20.0.0%2CN%3Bclouds%2C19.0.0%2CN%3Btranslate%2C18.0.100%2CN%3Bhighloadblock%2C19.0.0%2CN%3Bmessageservice%2C19.0.0%2CN%3Baspro.allcorp%2C1.0.0%2CN%3Bfileman%2C18.5.500%2CN%3Bcompression%2C19.0.0%2CN%3Bsocialservices%2C19.0.0%2CN%3Bperfmon%2C18.5.0%2CN%3Bui%2C19.0.400%2CN%3Bb24connector%2C18.5.0%2CN%3Bbitrixcloud%2C18.5.0%2CN%3Brest%2C18.5.162%2CN%3Bseo%2C19.0.800%2CN%3Bsearch%2C18.5.200%2CN%3Blanding%2C19.0.175%2CN%3Bbitrix.sitecorporate%2C15.5.0%2CN%3Biblock%2C18.6.1000%2CN&reqm=aspro.allcorp&lim=Y&SUPD_SRS=RU&SUPD_CMP=N
2019-12-24 15:01:00 -  - exec CUpdateClientPartner::GetHTTPPage
2019-12-24 15:01:01 -  - TIME LoadModulesUpdates(request) 0.237 sec
2019-12-24 15:01:01 -  - exec CUpdateClientPartner::ParseServerData
2019-12-24 15:01:01 - S - STEP
2019-12-24 15:01:01 - LM4W01 - loadModule4Wizard-Step
2019-12-24 15:01:01 -  - exec CUpdateClientPartner::LoadModulesUpdates
2019-12-24 15:01:01 -  - exec CUpdateClientPartner::ParseServerData
2019-12-24 15:01:01 -  - loadFile
2019-12-24 15:01:01 - U - RETURN
2019-12-24 15:01:01 -  - exec CUpdateClientPartner::UnGzipArchive
2019-12-24 15:01:01 -  - TIME UnGzipArchive 0.02 sec
2019-12-24 15:01:01 - CSURUS1 - Run updater '/bitrix/updates/update_m1577188861/aspro.allcorp/updater1.0.1.php'
2019-12-24 15:01:01 -  - TIME UpdateStepModules 0.066 sec
2019-12-24 15:01:02 -  - exec CUpdateClientPartner::LoadModulesUpdates
2019-12-24 15:01:02 -  - exec CUpdateClientPartner::__CollectRequestData
2019-12-24 15:01:02 -  - utf=Y&lang=ru&stable=Y&CANGZIP=Y&SUPD_DBS=MYSQL&XE=N&CLIENT_SITE=kgbur.dev.dialtest.ru&LICENSE_KEY=X&SUPD_STS=1&SUPD_URS=0&SUPD_URSA=1&TYPENC=F&CLIENT_PHPVER=7.3.11&NGINX=Y&dbv=10.1.41&instm=main%2C20.0.0%2CN%3Bclouds%2C19.0.0%2CN%3Btranslate%2C18.0.100%2CN%3Bhighloadblock%2C19.0.0%2CN%3Bmessageservice%2C19.0.0%2CN%3Baspro.allcorp%2C1.0.1%2CN%3Bfileman%2C18.5.500%2CN%3Bcompression%2C19.0.0%2CN%3Bsocialservices%2C19.0.0%2CN%3Bperfmon%2C18.5.0%2CN%3Bui%2C19.0.400%2CN%3Bb24connector%2C18.5.0%2CN%3Bbitrixcloud%2C18.5.0%2CN%3Brest%2C18.5.162%2CN%3Bseo%2C19.0.800%2CN%3Bsearch%2C18.5.200%2CN%3Blanding%2C19.0.175%2CN%3Bbitrix.sitecorporate%2C15.5.0%2CN%3Biblock%2C18.6.1000%2CN&reqm=aspro.allcorp&lim=Y&SUPD_SRS=RU&SUPD_CMP=N
2019-12-24 15:01:02 -  - exec CUpdateClientPartner::GetHTTPPage
2019-12-24 15:01:02 -  - TIME LoadModulesUpdates(request) 0.25 sec
2019-12-24 15:01:02 -  - exec CUpdateClientPartner::ParseServerData
2019-12-24 15:01:02 - S - STEP
2019-12-24 15:01:02 - LM4W01 - loadModule4Wizard-Step
2019-12-24 15:01:02 -  - exec CUpdateClientPartner::LoadModulesUpdates
2019-12-24 15:01:02 -  - exec CUpdateClientPartner::ParseServerData
2019-12-24 15:01:02 -  - loadFile
2019-12-24 15:01:02 - U - RETURN
2019-12-24 15:01:02 -  - exec CUpdateClientPartner::UnGzipArchive
2019-12-24 15:01:02 -  - TIME UnGzipArchive 0.007 sec
2019-12-24 15:01:02 - CSURUS1 - Run updater '/bitrix/updates/update_m1577188862/aspro.allcorp/updater1.0.2.php'
2019-12-24 15:01:02 -  - TIME UpdateStepModules 0.052 sec
2019-12-24 15:01:03 -  - exec CUpdateClientPartner::LoadModulesUpdates
2019-12-24 15:01:03 -  - exec CUpdateClientPartner::__CollectRequestData
2019-12-24 15:01:03 -  - utf=Y&lang=ru&stable=Y&CANGZIP=Y&SUPD_DBS=MYSQL&XE=N&CLIENT_SITE=kgbur.dev.dialtest.ru&LICENSE_KEY=X&SUPD_STS=1&SUPD_URS=0&SUPD_URSA=1&TYPENC=F&CLIENT_PHPVER=7.3.11&NGINX=Y&dbv=10.1.41&instm=main%2C20.0.0%2CN%3Bclouds%2C19.0.0%2CN%3Btranslate%2C18.0.100%2CN%3Bhighloadblock%2C19.0.0%2CN%3Bmessageservice%2C19.0.0%2CN%3Baspro.allcorp%2C1.0.2%2CN%3Bfileman%2C18.5.500%2CN%3Bcompression%2C19.0.0%2CN%3Bsocialservices%2C19.0.0%2CN%3Bperfmon%2C18.5.0%2CN%3Bui%2C19.0.400%2CN%3Bb24connector%2C18.5.0%2CN%3Bbitrixcloud%2C18.5.0%2CN%3Brest%2C18.5.162%2CN%3Bseo%2C19.0.800%2CN%3Bsearch%2C18.5.200%2CN%3Blanding%2C19.0.175%2CN%3Bbitrix.sitecorporate%2C15.5.0%2CN%3Biblock%2C18.6.1000%2CN&reqm=aspro.allcorp&lim=Y&SUPD_SRS=RU&SUPD_CMP=N
2019-12-24 15:01:03 -  - exec CUpdateClientPartner::GetHTTPPage
2019-12-24 15:01:03 -  - TIME LoadModulesUpdates(request) 0.221 sec
2019-12-24 15:01:03 -  - exec CUpdateClientPartner::ParseServerData
2019-12-24 15:01:03 - S - STEP
2019-12-24 15:01:03 - LM4W01 - loadModule4Wizard-Step
2019-12-24 15:01:03 -  - exec CUpdateClientPartner::LoadModulesUpdates
2019-12-24 15:01:03 -  - exec CUpdateClientPartner::ParseServerData
2019-12-24 15:01:03 -  - loadFile
2019-12-24 15:01:03 - U - RETURN
2019-12-24 15:01:03 -  - exec CUpdateClientPartner::UnGzipArchive
2019-12-24 15:01:03 -  - TIME UnGzipArchive 0.019 sec
2019-12-24 15:01:03 - CSURUS1 - Run updater '/bitrix/updates/update_m1577188863/aspro.allcorp/updater1.0.3.php'
2019-12-24 15:01:04 -  - TIME UpdateStepModules 0.102 sec
2019-12-24 15:01:04 -  - exec CUpdateClientPartner::LoadModulesUpdates
2019-12-24 15:01:04 -  - exec CUpdateClientPartner::__CollectRequestData
2019-12-24 15:01:04 -  - utf=Y&lang=ru&stable=Y&CANGZIP=Y&SUPD_DBS=MYSQL&XE=N&CLIENT_SITE=kgbur.dev.dialtest.ru&LICENSE_KEY=X&SUPD_STS=1&SUPD_URS=0&SUPD_URSA=1&TYPENC=F&CLIENT_PHPVER=7.3.11&NGINX=Y&dbv=10.1.41&instm=main%2C20.0.0%2CN%3Bclouds%2C19.0.0%2CN%3Btranslate%2C18.0.100%2CN%3Bhighloadblock%2C19.0.0%2CN%3Bmessageservice%2C19.0.0%2CN%3Baspro.allcorp%2C1.0.3%2CN%3Bfileman%2C18.5.500%2CN%3Bcompression%2C19.0.0%2CN%3Bsocialservices%2C19.0.0%2CN%3Bperfmon%2C18.5.0%2CN%3Bui%2C19.0.400%2CN%3Bb24connector%2C18.5.0%2CN%3Bbitrixcloud%2C18.5.0%2CN%3Brest%2C18.5.162%2CN%3Bseo%2C19.0.800%2CN%3Bsearch%2C18.5.200%2CN%3Blanding%2C19.0.175%2CN%3Bbitrix.sitecorporate%2C15.5.0%2CN%3Biblock%2C18.6.1000%2CN&reqm=aspro.allcorp&lim=Y&SUPD_SRS=RU&SUPD_CMP=N
2019-12-24 15:01:04 -  - exec CUpdateClientPartner::GetHTTPPage
2019-12-24 15:01:04 -  - TIME LoadModulesUpdates(request) 0.246 sec
2019-12-24 15:01:04 -  - exec CUpdateClientPartner::ParseServerData
2019-12-24 15:01:04 - S - STEP
2019-12-24 15:01:04 - LM4W01 - loadModule4Wizard-Step
2019-12-24 15:01:05 -  - exec CUpdateClientPartner::LoadModulesUpdates
2019-12-24 15:01:05 -  - exec CUpdateClientPartner::ParseServerData
2019-12-24 15:01:05 -  - loadFile
2019-12-24 15:01:05 - U - RETURN
2019-12-24 15:01:05 -  - exec CUpdateClientPartner::UnGzipArchive
2019-12-24 15:01:05 -  - TIME UnGzipArchive 0.006 sec
2019-12-24 15:01:05 - CSURUS1 - Run updater '/bitrix/updates/update_m1577188865/aspro.allcorp/updater1.0.4.php'
2019-12-24 15:01:05 -  - TIME UpdateStepModules 0.086 sec
2019-12-24 15:01:05 -  - exec CUpdateClientPartner::LoadModulesUpdates
2019-12-24 15:01:05 -  - exec CUpdateClientPartner::__CollectRequestData
2019-12-24 15:01:05 -  - utf=Y&lang=ru&stable=Y&CANGZIP=Y&SUPD_DBS=MYSQL&XE=N&CLIENT_SITE=kgbur.dev.dialtest.ru&LICENSE_KEY=X&SUPD_STS=1&SUPD_URS=0&SUPD_URSA=1&TYPENC=F&CLIENT_PHPVER=7.3.11&NGINX=Y&dbv=10.1.41&instm=main%2C20.0.0%2CN%3Bclouds%2C19.0.0%2CN%3Btranslate%2C18.0.100%2CN%3Bhighloadblock%2C19.0.0%2CN%3Bmessageservice%2C19.0.0%2CN%3Baspro.allcorp%2C1.0.4%2CN%3Bfileman%2C18.5.500%2CN%3Bcompression%2C19.0.0%2CN%3Bsocialservices%2C19.0.0%2CN%3Bperfmon%2C18.5.0%2CN%3Bui%2C19.0.400%2CN%3Bb24connector%2C18.5.0%2CN%3Bbitrixcloud%2C18.5.0%2CN%3Brest%2C18.5.162%2CN%3Bseo%2C19.0.800%2CN%3Bsearch%2C18.5.200%2CN%3Blanding%2C19.0.175%2CN%3Bbitrix.sitecorporate%2C15.5.0%2CN%3Biblock%2C18.6.1000%2CN&reqm=aspro.allcorp&lim=Y&SUPD_SRS=RU&SUPD_CMP=Y
2019-12-24 15:01:05 -  - exec CUpdateClientPartner::GetHTTPPage
2019-12-24 15:01:05 -  - TIME LoadModulesUpdates(request) 0.229 sec
2019-12-24 15:01:05 -  - exec CUpdateClientPartner::ParseServerData
2019-12-24 15:01:05 - S - STEP
2019-12-24 15:01:05 - LM4W01 - loadModule4Wizard-Step
2019-12-24 15:01:06 -  - exec CUpdateClientPartner::LoadModulesUpdates
2019-12-24 15:01:06 -  - exec CUpdateClientPartner::ParseServerData
2019-12-24 15:01:06 -  - loadFile
2019-12-24 15:01:06 - U - RETURN
2019-12-24 15:01:06 -  - exec CUpdateClientPartner::UnGzipArchive
2019-12-24 15:01:06 -  - TIME UnGzipArchive 0.002 sec
2019-12-24 15:01:06 - CSURUS1 - Run updater '/bitrix/updates/update_m1577188866/aspro.allcorp/updater1.0.5.php'
2019-12-24 15:01:06 -  - TIME UpdateStepModules 0.046 sec
2019-12-24 15:01:06 -  - exec CUpdateClientPartner::LoadModulesUpdates
2019-12-24 15:01:06 -  - exec CUpdateClientPartner::__CollectRequestData
2019-12-24 15:01:06 -  - utf=Y&lang=ru&stable=Y&CANGZIP=Y&SUPD_DBS=MYSQL&XE=N&CLIENT_SITE=kgbur.dev.dialtest.ru&LICENSE_KEY=X&SUPD_STS=1&SUPD_URS=0&SUPD_URSA=1&TYPENC=F&CLIENT_PHPVER=7.3.11&NGINX=Y&dbv=10.1.41&instm=main%2C20.0.0%2CN%3Bclouds%2C19.0.0%2CN%3Btranslate%2C18.0.100%2CN%3Bhighloadblock%2C19.0.0%2CN%3Bmessageservice%2C19.0.0%2CN%3Baspro.allcorp%2C1.0.5%2CN%3Bfileman%2C18.5.500%2CN%3Bcompression%2C19.0.0%2CN%3Bsocialservices%2C19.0.0%2CN%3Bperfmon%2C18.5.0%2CN%3Bui%2C19.0.400%2CN%3Bb24connector%2C18.5.0%2CN%3Bbitrixcloud%2C18.5.0%2CN%3Brest%2C18.5.162%2CN%3Bseo%2C19.0.800%2CN%3Bsearch%2C18.5.200%2CN%3Blanding%2C19.0.175%2CN%3Bbitrix.sitecorporate%2C15.5.0%2CN%3Biblock%2C18.6.1000%2CN&reqm=aspro.allcorp&lim=Y&SUPD_SRS=RU&SUPD_CMP=Y
2019-12-24 15:01:06 -  - exec CUpdateClientPartner::GetHTTPPage
2019-12-24 15:01:06 -  - TIME LoadModulesUpdates(request) 0.24 sec
2019-12-24 15:01:06 -  - exec CUpdateClientPartner::ParseServerData
2019-12-24 15:01:06 - S - STEP
2019-12-24 15:01:06 - LM4W01 - loadModule4Wizard-Step
2019-12-24 15:01:07 -  - exec CUpdateClientPartner::LoadModulesUpdates
2019-12-24 15:01:07 -  - exec CUpdateClientPartner::ParseServerData
2019-12-24 15:01:07 -  - loadFile
2019-12-24 15:01:07 - U - RETURN
2019-12-24 15:01:07 -  - exec CUpdateClientPartner::UnGzipArchive
2019-12-24 15:01:07 -  - TIME UnGzipArchive 0.005 sec
2019-12-24 15:01:07 - CSURUS1 - Run updater '/bitrix/updates/update_m1577188867/aspro.allcorp/updater1.0.6.php'
2019-12-24 15:01:07 -  - TIME UpdateStepModules 0.054 sec
2019-12-24 15:01:07 -  - exec CUpdateClientPartner::LoadModulesUpdates
2019-12-24 15:01:07 -  - exec CUpdateClientPartner::__CollectRequestData
2019-12-24 15:01:07 -  - utf=Y&lang=ru&stable=Y&CANGZIP=Y&SUPD_DBS=MYSQL&XE=N&CLIENT_SITE=kgbur.dev.dialtest.ru&LICENSE_KEY=X&SUPD_STS=1&SUPD_URS=0&SUPD_URSA=1&TYPENC=F&CLIENT_PHPVER=7.3.11&NGINX=Y&dbv=10.1.41&instm=main%2C20.0.0%2CN%3Bclouds%2C19.0.0%2CN%3Btranslate%2C18.0.100%2CN%3Bhighloadblock%2C19.0.0%2CN%3Bmessageservice%2C19.0.0%2CN%3Baspro.allcorp%2C1.0.6%2CN%3Bfileman%2C18.5.500%2CN%3Bcompression%2C19.0.0%2CN%3Bsocialservices%2C19.0.0%2CN%3Bperfmon%2C18.5.0%2CN%3Bui%2C19.0.400%2CN%3Bb24connector%2C18.5.0%2CN%3Bbitrixcloud%2C18.5.0%2CN%3Brest%2C18.5.162%2CN%3Bseo%2C19.0.800%2CN%3Bsearch%2C18.5.200%2CN%3Blanding%2C19.0.175%2CN%3Bbitrix.sitecorporate%2C15.5.0%2CN%3Biblock%2C18.6.1000%2CN&reqm=aspro.allcorp&lim=Y&SUPD_SRS=RU&SUPD_CMP=Y
2019-12-24 15:01:07 -  - exec CUpdateClientPartner::GetHTTPPage
2019-12-24 15:01:07 -  - TIME LoadModulesUpdates(request) 0.234 sec
2019-12-24 15:01:07 -  - exec CUpdateClientPartner::ParseServerData
2019-12-24 15:01:07 - S - STEP
2019-12-24 15:01:07 - LM4W01 - loadModule4Wizard-Step
2019-12-24 15:01:08 -  - exec CUpdateClientPartner::LoadModulesUpdates
2019-12-24 15:01:08 -  - exec CUpdateClientPartner::ParseServerData
2019-12-24 15:01:08 -  - loadFile
2019-12-24 15:01:08 - U - RETURN
2019-12-24 15:01:08 -  - exec CUpdateClientPartner::UnGzipArchive
2019-12-24 15:01:08 -  - TIME UnGzipArchive 0.021 sec
2019-12-24 15:01:08 - CSURUS1 - Run updater '/bitrix/updates/update_m1577188868/aspro.allcorp/updater1.0.7.php'
2019-12-24 15:01:08 -  - TIME UpdateStepModules 0.199 sec
2019-12-24 15:01:09 -  - exec CUpdateClientPartner::LoadModulesUpdates
2019-12-24 15:01:09 -  - exec CUpdateClientPartner::__CollectRequestData
2019-12-24 15:01:09 -  - utf=Y&lang=ru&stable=Y&CANGZIP=Y&SUPD_DBS=MYSQL&XE=N&CLIENT_SITE=kgbur.dev.dialtest.ru&LICENSE_KEY=X&SUPD_STS=1&SUPD_URS=0&SUPD_URSA=1&TYPENC=F&CLIENT_PHPVER=7.3.11&NGINX=Y&dbv=10.1.41&instm=main%2C20.0.0%2CN%3Bclouds%2C19.0.0%2CN%3Btranslate%2C18.0.100%2CN%3Bhighloadblock%2C19.0.0%2CN%3Bmessageservice%2C19.0.0%2CN%3Baspro.allcorp%2C1.0.7%2CN%3Bfileman%2C18.5.500%2CN%3Bcompression%2C19.0.0%2CN%3Bsocialservices%2C19.0.0%2CN%3Bperfmon%2C18.5.0%2CN%3Bui%2C19.0.400%2CN%3Bb24connector%2C18.5.0%2CN%3Bbitrixcloud%2C18.5.0%2CN%3Brest%2C18.5.162%2CN%3Bseo%2C19.0.800%2CN%3Bsearch%2C18.5.200%2CN%3Blanding%2C19.0.175%2CN%3Bbitrix.sitecorporate%2C15.5.0%2CN%3Biblock%2C18.6.1000%2CN&reqm=aspro.allcorp&lim=Y&SUPD_SRS=RU&SUPD_CMP=Y
2019-12-24 15:01:09 -  - exec CUpdateClientPartner::GetHTTPPage
2019-12-24 15:01:09 -  - TIME LoadModulesUpdates(request) 0.246 sec
2019-12-24 15:01:09 -  - exec CUpdateClientPartner::ParseServerData
2019-12-24 15:01:09 - S - STEP
2019-12-24 15:01:09 - LM4W01 - loadModule4Wizard-Step
2019-12-24 15:01:09 -  - exec CUpdateClientPartner::LoadModulesUpdates
2019-12-24 15:01:09 -  - exec CUpdateClientPartner::ParseServerData
2019-12-24 15:01:09 -  - loadFile
2019-12-24 15:01:09 - U - RETURN
2019-12-24 15:01:09 -  - exec CUpdateClientPartner::UnGzipArchive
2019-12-24 15:01:09 -  - TIME UnGzipArchive 0.001 sec
2019-12-24 15:01:09 - CSURUS1 - Run updater '/bitrix/updates/update_m1577188869/aspro.allcorp/updater1.0.8.php'
2019-12-24 15:01:09 -  - TIME UpdateStepModules 0.022 sec
2019-12-24 15:01:10 -  - exec CUpdateClientPartner::LoadModulesUpdates
2019-12-24 15:01:10 -  - exec CUpdateClientPartner::__CollectRequestData
2019-12-24 15:01:10 -  - utf=Y&lang=ru&stable=Y&CANGZIP=Y&SUPD_DBS=MYSQL&XE=N&CLIENT_SITE=kgbur.dev.dialtest.ru&LICENSE_KEY=X&SUPD_STS=1&SUPD_URS=0&SUPD_URSA=1&TYPENC=F&CLIENT_PHPVER=7.3.11&NGINX=Y&dbv=10.1.41&instm=main%2C20.0.0%2CN%3Bclouds%2C19.0.0%2CN%3Btranslate%2C18.0.100%2CN%3Bhighloadblock%2C19.0.0%2CN%3Bmessageservice%2C19.0.0%2CN%3Baspro.allcorp%2C1.0.8%2CN%3Bfileman%2C18.5.500%2CN%3Bcompression%2C19.0.0%2CN%3Bsocialservices%2C19.0.0%2CN%3Bperfmon%2C18.5.0%2CN%3Bui%2C19.0.400%2CN%3Bb24connector%2C18.5.0%2CN%3Bbitrixcloud%2C18.5.0%2CN%3Brest%2C18.5.162%2CN%3Bseo%2C19.0.800%2CN%3Bsearch%2C18.5.200%2CN%3Blanding%2C19.0.175%2CN%3Bbitrix.sitecorporate%2C15.5.0%2CN%3Biblock%2C18.6.1000%2CN&reqm=aspro.allcorp&lim=Y&SUPD_SRS=RU&SUPD_CMP=Y
2019-12-24 15:01:10 -  - exec CUpdateClientPartner::GetHTTPPage
2019-12-24 15:01:10 -  - TIME LoadModulesUpdates(request) 0.245 sec
2019-12-24 15:01:10 -  - exec CUpdateClientPartner::ParseServerData
2019-12-24 15:01:10 - S - STEP
2019-12-24 15:01:10 - LM4W01 - loadModule4Wizard-Step
2019-12-24 15:01:10 -  - exec CUpdateClientPartner::LoadModulesUpdates
2019-12-24 15:01:10 -  - exec CUpdateClientPartner::ParseServerData
2019-12-24 15:01:10 -  - loadFile
2019-12-24 15:01:10 - U - RETURN
2019-12-24 15:01:10 -  - exec CUpdateClientPartner::UnGzipArchive
2019-12-24 15:01:10 -  - TIME UnGzipArchive 0.003 sec
2019-12-24 15:01:10 - CSURUS1 - Run updater '/bitrix/updates/update_m1577188870/aspro.allcorp/updater1.0.9.php'
2019-12-24 15:01:10 -  - TIME UpdateStepModules 0.026 sec
2019-12-24 15:01:10 -  - exec CUpdateClientPartner::LoadModulesUpdates
2019-12-24 15:01:10 -  - exec CUpdateClientPartner::__CollectRequestData
2019-12-24 15:01:11 -  - utf=Y&lang=ru&stable=Y&CANGZIP=Y&SUPD_DBS=MYSQL&XE=N&CLIENT_SITE=kgbur.dev.dialtest.ru&LICENSE_KEY=X&SUPD_STS=1&SUPD_URS=0&SUPD_URSA=1&TYPENC=F&CLIENT_PHPVER=7.3.11&NGINX=Y&dbv=10.1.41&instm=main%2C20.0.0%2CN%3Bclouds%2C19.0.0%2CN%3Btranslate%2C18.0.100%2CN%3Bhighloadblock%2C19.0.0%2CN%3Bmessageservice%2C19.0.0%2CN%3Baspro.allcorp%2C1.0.9%2CN%3Bfileman%2C18.5.500%2CN%3Bcompression%2C19.0.0%2CN%3Bsocialservices%2C19.0.0%2CN%3Bperfmon%2C18.5.0%2CN%3Bui%2C19.0.400%2CN%3Bb24connector%2C18.5.0%2CN%3Bbitrixcloud%2C18.5.0%2CN%3Brest%2C18.5.162%2CN%3Bseo%2C19.0.800%2CN%3Bsearch%2C18.5.200%2CN%3Blanding%2C19.0.175%2CN%3Bbitrix.sitecorporate%2C15.5.0%2CN%3Biblock%2C18.6.1000%2CN&reqm=aspro.allcorp&lim=Y&SUPD_SRS=RU&SUPD_CMP=Y
2019-12-24 15:01:11 -  - exec CUpdateClientPartner::GetHTTPPage
2019-12-24 15:01:11 -  - TIME LoadModulesUpdates(request) 0.235 sec
2019-12-24 15:01:11 -  - exec CUpdateClientPartner::ParseServerData
2019-12-24 15:01:11 - S - STEP
2019-12-24 15:01:11 - LM4W01 - loadModule4Wizard-Step
2019-12-24 15:01:11 -  - exec CUpdateClientPartner::LoadModulesUpdates
2019-12-24 15:01:11 -  - exec CUpdateClientPartner::ParseServerData
2019-12-24 15:01:11 -  - loadFile
2019-12-24 15:01:11 - U - RETURN
2019-12-24 15:01:11 -  - exec CUpdateClientPartner::UnGzipArchive
2019-12-24 15:01:11 -  - TIME UnGzipArchive 0.004 sec
2019-12-24 15:01:11 - CSURUS1 - Run updater '/bitrix/updates/update_m1577188871/aspro.allcorp/updater1.0.10.php'
2019-12-24 15:01:11 -  - TIME UpdateStepModules 0.031 sec
2019-12-24 15:01:11 -  - exec CUpdateClientPartner::LoadModulesUpdates
2019-12-24 15:01:11 -  - exec CUpdateClientPartner::__CollectRequestData
2019-12-24 15:01:11 -  - utf=Y&lang=ru&stable=Y&CANGZIP=Y&SUPD_DBS=MYSQL&XE=N&CLIENT_SITE=kgbur.dev.dialtest.ru&LICENSE_KEY=X&SUPD_STS=1&SUPD_URS=0&SUPD_URSA=1&TYPENC=F&CLIENT_PHPVER=7.3.11&NGINX=Y&dbv=10.1.41&instm=main%2C20.0.0%2CN%3Bclouds%2C19.0.0%2CN%3Btranslate%2C18.0.100%2CN%3Bhighloadblock%2C19.0.0%2CN%3Bmessageservice%2C19.0.0%2CN%3Baspro.allcorp%2C1.0.10%2CN%3Bfileman%2C18.5.500%2CN%3Bcompression%2C19.0.0%2CN%3Bsocialservices%2C19.0.0%2CN%3Bperfmon%2C18.5.0%2CN%3Bui%2C19.0.400%2CN%3Bb24connector%2C18.5.0%2CN%3Bbitrixcloud%2C18.5.0%2CN%3Brest%2C18.5.162%2CN%3Bseo%2C19.0.800%2CN%3Bsearch%2C18.5.200%2CN%3Blanding%2C19.0.175%2CN%3Bbitrix.sitecorporate%2C15.5.0%2CN%3Biblock%2C18.6.1000%2CN&reqm=aspro.allcorp&lim=Y&SUPD_SRS=RU&SUPD_CMP=Y
2019-12-24 15:01:11 -  - exec CUpdateClientPartner::GetHTTPPage
2019-12-24 15:01:12 -  - TIME LoadModulesUpdates(request) 0.24 sec
2019-12-24 15:01:12 -  - exec CUpdateClientPartner::ParseServerData
2019-12-24 15:01:12 - S - STEP
2019-12-24 15:01:12 - LM4W01 - loadModule4Wizard-Step
2019-12-24 15:01:12 -  - exec CUpdateClientPartner::LoadModulesUpdates
2019-12-24 15:01:12 -  - exec CUpdateClientPartner::ParseServerData
2019-12-24 15:01:12 -  - loadFile
2019-12-24 15:01:12 - U - RETURN
2019-12-24 15:01:12 -  - exec CUpdateClientPartner::UnGzipArchive
2019-12-24 15:01:12 -  - TIME UnGzipArchive 0.001 sec
2019-12-24 15:01:12 - CSURUS1 - Run updater '/bitrix/updates/update_m1577188872/aspro.allcorp/updater1.0.11.php'
2019-12-24 15:01:12 -  - TIME UpdateStepModules 0.013 sec
2019-12-24 15:01:12 -  - exec CUpdateClientPartner::LoadModulesUpdates
2019-12-24 15:01:12 -  - exec CUpdateClientPartner::__CollectRequestData
2019-12-24 15:01:12 -  - utf=Y&lang=ru&stable=Y&CANGZIP=Y&SUPD_DBS=MYSQL&XE=N&CLIENT_SITE=kgbur.dev.dialtest.ru&LICENSE_KEY=X&SUPD_STS=1&SUPD_URS=0&SUPD_URSA=1&TYPENC=F&CLIENT_PHPVER=7.3.11&NGINX=Y&dbv=10.1.41&instm=main%2C20.0.0%2CN%3Bclouds%2C19.0.0%2CN%3Btranslate%2C18.0.100%2CN%3Bhighloadblock%2C19.0.0%2CN%3Bmessageservice%2C19.0.0%2CN%3Baspro.allcorp%2C1.0.11%2CN%3Bfileman%2C18.5.500%2CN%3Bcompression%2C19.0.0%2CN%3Bsocialservices%2C19.0.0%2CN%3Bperfmon%2C18.5.0%2CN%3Bui%2C19.0.400%2CN%3Bb24connector%2C18.5.0%2CN%3Bbitrixcloud%2C18.5.0%2CN%3Brest%2C18.5.162%2CN%3Bseo%2C19.0.800%2CN%3Bsearch%2C18.5.200%2CN%3Blanding%2C19.0.175%2CN%3Bbitrix.sitecorporate%2C15.5.0%2CN%3Biblock%2C18.6.1000%2CN&reqm=aspro.allcorp&lim=Y&SUPD_SRS=RU&SUPD_CMP=Y
2019-12-24 15:01:12 -  - exec CUpdateClientPartner::GetHTTPPage
2019-12-24 15:01:13 -  - TIME LoadModulesUpdates(request) 0.243 sec
2019-12-24 15:01:13 -  - exec CUpdateClientPartner::ParseServerData
2019-12-24 15:01:13 - S - STEP
2019-12-24 15:01:13 - LM4W01 - loadModule4Wizard-Step
2019-12-24 15:01:13 -  - exec CUpdateClientPartner::LoadModulesUpdates
2019-12-24 15:01:13 -  - exec CUpdateClientPartner::ParseServerData
2019-12-24 15:01:13 -  - loadFile
2019-12-24 15:01:13 - U - RETURN
2019-12-24 15:01:13 -  - exec CUpdateClientPartner::UnGzipArchive
2019-12-24 15:01:13 -  - TIME UnGzipArchive 0.073 sec
2019-12-24 15:01:13 - CSURUS1 - Run updater '/bitrix/updates/update_m1577188873/aspro.allcorp/updater1.0.12.php'
2019-12-24 15:01:14 -  - TIME UpdateStepModules 0.228 sec
2019-12-24 15:01:14 -  - exec CUpdateClientPartner::LoadModulesUpdates
2019-12-24 15:01:14 -  - exec CUpdateClientPartner::__CollectRequestData
2019-12-24 15:01:14 -  - utf=Y&lang=ru&stable=Y&CANGZIP=Y&SUPD_DBS=MYSQL&XE=N&CLIENT_SITE=kgbur.dev.dialtest.ru&LICENSE_KEY=X&SUPD_STS=1&SUPD_URS=0&SUPD_URSA=1&TYPENC=F&CLIENT_PHPVER=7.3.11&NGINX=Y&dbv=10.1.41&instm=main%2C20.0.0%2CN%3Bclouds%2C19.0.0%2CN%3Btranslate%2C18.0.100%2CN%3Bhighloadblock%2C19.0.0%2CN%3Bmessageservice%2C19.0.0%2CN%3Baspro.allcorp%2C1.0.12%2CN%3Bfileman%2C18.5.500%2CN%3Bcompression%2C19.0.0%2CN%3Bsocialservices%2C19.0.0%2CN%3Bperfmon%2C18.5.0%2CN%3Bui%2C19.0.400%2CN%3Bb24connector%2C18.5.0%2CN%3Bbitrixcloud%2C18.5.0%2CN%3Brest%2C18.5.162%2CN%3Bseo%2C19.0.800%2CN%3Bsearch%2C18.5.200%2CN%3Blanding%2C19.0.175%2CN%3Bbitrix.sitecorporate%2C15.5.0%2CN%3Biblock%2C18.6.1000%2CN&reqm=aspro.allcorp&lim=Y&SUPD_SRS=RU&SUPD_CMP=Y
2019-12-24 15:01:14 -  - exec CUpdateClientPartner::GetHTTPPage
2019-12-24 15:01:14 -  - TIME LoadModulesUpdates(request) 0.25 sec
2019-12-24 15:01:14 -  - exec CUpdateClientPartner::ParseServerData
2019-12-24 15:01:14 - S - STEP
2019-12-24 15:01:14 - LM4W01 - loadModule4Wizard-Step
2019-12-24 15:01:14 -  - exec CUpdateClientPartner::LoadModulesUpdates
2019-12-24 15:01:14 -  - exec CUpdateClientPartner::ParseServerData
2019-12-24 15:01:14 -  - loadFile
2019-12-24 15:01:15 - U - RETURN
2019-12-24 15:01:15 -  - exec CUpdateClientPartner::UnGzipArchive
2019-12-24 15:01:15 -  - TIME UnGzipArchive 0.003 sec
2019-12-24 15:01:15 - CSURUS1 - Run updater '/bitrix/updates/update_m1577188875/aspro.allcorp/updater1.0.13.php'
2019-12-24 15:01:15 -  - TIME UpdateStepModules 0.032 sec
2019-12-24 15:01:15 -  - exec CUpdateClientPartner::LoadModulesUpdates
2019-12-24 15:01:15 -  - exec CUpdateClientPartner::__CollectRequestData
2019-12-24 15:01:15 -  - utf=Y&lang=ru&stable=Y&CANGZIP=Y&SUPD_DBS=MYSQL&XE=N&CLIENT_SITE=kgbur.dev.dialtest.ru&LICENSE_KEY=X&SUPD_STS=1&SUPD_URS=0&SUPD_URSA=1&TYPENC=F&CLIENT_PHPVER=7.3.11&NGINX=Y&dbv=10.1.41&instm=main%2C20.0.0%2CN%3Bclouds%2C19.0.0%2CN%3Btranslate%2C18.0.100%2CN%3Bhighloadblock%2C19.0.0%2CN%3Bmessageservice%2C19.0.0%2CN%3Baspro.allcorp%2C1.0.13%2CN%3Bfileman%2C18.5.500%2CN%3Bcompression%2C19.0.0%2CN%3Bsocialservices%2C19.0.0%2CN%3Bperfmon%2C18.5.0%2CN%3Bui%2C19.0.400%2CN%3Bb24connector%2C18.5.0%2CN%3Bbitrixcloud%2C18.5.0%2CN%3Brest%2C18.5.162%2CN%3Bseo%2C19.0.800%2CN%3Bsearch%2C18.5.200%2CN%3Blanding%2C19.0.175%2CN%3Bbitrix.sitecorporate%2C15.5.0%2CN%3Biblock%2C18.6.1000%2CN&reqm=aspro.allcorp&lim=Y&SUPD_SRS=RU&SUPD_CMP=Y
2019-12-24 15:01:15 -  - exec CUpdateClientPartner::GetHTTPPage
2019-12-24 15:01:15 -  - TIME LoadModulesUpdates(request) 0.235 sec
2019-12-24 15:01:15 -  - exec CUpdateClientPartner::ParseServerData
2019-12-24 15:01:15 - S - STEP
2019-12-24 15:01:15 - LM4W01 - loadModule4Wizard-Step
2019-12-24 15:01:15 -  - exec CUpdateClientPartner::LoadModulesUpdates
2019-12-24 15:01:15 -  - exec CUpdateClientPartner::ParseServerData
2019-12-24 15:01:15 -  - loadFile
2019-12-24 15:01:16 - U - RETURN
2019-12-24 15:01:16 -  - exec CUpdateClientPartner::UnGzipArchive
2019-12-24 15:01:16 -  - TIME UnGzipArchive 0.004 sec
2019-12-24 15:01:16 - CSURUS1 - Run updater '/bitrix/updates/update_m1577188876/aspro.allcorp/updater1.0.14.php'
2019-12-24 15:01:16 -  - TIME UpdateStepModules 0.035 sec
2019-12-24 15:01:16 -  - exec CUpdateClientPartner::LoadModulesUpdates
2019-12-24 15:01:16 -  - exec CUpdateClientPartner::__CollectRequestData
2019-12-24 15:01:16 -  - utf=Y&lang=ru&stable=Y&CANGZIP=Y&SUPD_DBS=MYSQL&XE=N&CLIENT_SITE=kgbur.dev.dialtest.ru&LICENSE_KEY=X&SUPD_STS=1&SUPD_URS=0&SUPD_URSA=1&TYPENC=F&CLIENT_PHPVER=7.3.11&NGINX=Y&dbv=10.1.41&instm=main%2C20.0.0%2CN%3Bclouds%2C19.0.0%2CN%3Btranslate%2C18.0.100%2CN%3Bhighloadblock%2C19.0.0%2CN%3Bmessageservice%2C19.0.0%2CN%3Baspro.allcorp%2C1.0.14%2CN%3Bfileman%2C18.5.500%2CN%3Bcompression%2C19.0.0%2CN%3Bsocialservices%2C19.0.0%2CN%3Bperfmon%2C18.5.0%2CN%3Bui%2C19.0.400%2CN%3Bb24connector%2C18.5.0%2CN%3Bbitrixcloud%2C18.5.0%2CN%3Brest%2C18.5.162%2CN%3Bseo%2C19.0.800%2CN%3Bsearch%2C18.5.200%2CN%3Blanding%2C19.0.175%2CN%3Bbitrix.sitecorporate%2C15.5.0%2CN%3Biblock%2C18.6.1000%2CN&reqm=aspro.allcorp&lim=Y&SUPD_SRS=RU&SUPD_CMP=Y
2019-12-24 15:01:16 -  - exec CUpdateClientPartner::GetHTTPPage
2019-12-24 15:01:16 -  - TIME LoadModulesUpdates(request) 0.245 sec
2019-12-24 15:01:16 -  - exec CUpdateClientPartner::ParseServerData
2019-12-24 15:01:16 - S - STEP
2019-12-24 15:01:16 - LM4W01 - loadModule4Wizard-Step
2019-12-24 15:01:16 -  - exec CUpdateClientPartner::LoadModulesUpdates
2019-12-24 15:01:16 -  - exec CUpdateClientPartner::ParseServerData
2019-12-24 15:01:16 -  - loadFile
2019-12-24 15:01:16 - U - RETURN
2019-12-24 15:01:16 -  - exec CUpdateClientPartner::UnGzipArchive
2019-12-24 15:01:16 -  - TIME UnGzipArchive 0.001 sec
2019-12-24 15:01:16 - CSURUS1 - Run updater '/bitrix/updates/update_m1577188876/aspro.allcorp/updater1.0.15.php'
2019-12-24 15:01:17 -  - TIME UpdateStepModules 0.015 sec
2019-12-24 15:01:17 -  - exec CUpdateClientPartner::LoadModulesUpdates
2019-12-24 15:01:17 -  - exec CUpdateClientPartner::__CollectRequestData
2019-12-24 15:01:17 -  - utf=Y&lang=ru&stable=Y&CANGZIP=Y&SUPD_DBS=MYSQL&XE=N&CLIENT_SITE=kgbur.dev.dialtest.ru&LICENSE_KEY=X&SUPD_STS=1&SUPD_URS=0&SUPD_URSA=1&TYPENC=F&CLIENT_PHPVER=7.3.11&NGINX=Y&dbv=10.1.41&instm=main%2C20.0.0%2CN%3Bclouds%2C19.0.0%2CN%3Btranslate%2C18.0.100%2CN%3Bhighloadblock%2C19.0.0%2CN%3Bmessageservice%2C19.0.0%2CN%3Baspro.allcorp%2C1.0.15%2CN%3Bfileman%2C18.5.500%2CN%3Bcompression%2C19.0.0%2CN%3Bsocialservices%2C19.0.0%2CN%3Bperfmon%2C18.5.0%2CN%3Bui%2C19.0.400%2CN%3Bb24connector%2C18.5.0%2CN%3Bbitrixcloud%2C18.5.0%2CN%3Brest%2C18.5.162%2CN%3Bseo%2C19.0.800%2CN%3Bsearch%2C18.5.200%2CN%3Blanding%2C19.0.175%2CN%3Bbitrix.sitecorporate%2C15.5.0%2CN%3Biblock%2C18.6.1000%2CN&reqm=aspro.allcorp&lim=Y&SUPD_SRS=RU&SUPD_CMP=Y
2019-12-24 15:01:17 -  - exec CUpdateClientPartner::GetHTTPPage
2019-12-24 15:01:17 -  - TIME LoadModulesUpdates(request) 0.233 sec
2019-12-24 15:01:17 -  - exec CUpdateClientPartner::ParseServerData
2019-12-24 15:01:17 - S - STEP
2019-12-24 15:01:17 - LM4W01 - loadModule4Wizard-Step
2019-12-24 15:01:17 -  - exec CUpdateClientPartner::LoadModulesUpdates
2019-12-24 15:01:17 -  - exec CUpdateClientPartner::ParseServerData
2019-12-24 15:01:17 -  - loadFile
2019-12-24 15:01:17 - U - RETURN
2019-12-24 15:01:17 -  - exec CUpdateClientPartner::UnGzipArchive
2019-12-24 15:01:17 -  - TIME UnGzipArchive 0.006 sec
2019-12-24 15:01:17 - CSURUS1 - Run updater '/bitrix/updates/update_m1577188877/aspro.allcorp/updater1.0.16.php'
2019-12-24 15:01:17 -  - TIME UpdateStepModules 0.062 sec
2019-12-24 15:01:18 -  - exec CUpdateClientPartner::LoadModulesUpdates
2019-12-24 15:01:18 -  - exec CUpdateClientPartner::__CollectRequestData
2019-12-24 15:01:18 -  - utf=Y&lang=ru&stable=Y&CANGZIP=Y&SUPD_DBS=MYSQL&XE=N&CLIENT_SITE=kgbur.dev.dialtest.ru&LICENSE_KEY=X&SUPD_STS=1&SUPD_URS=0&SUPD_URSA=1&TYPENC=F&CLIENT_PHPVER=7.3.11&NGINX=Y&dbv=10.1.41&instm=main%2C20.0.0%2CN%3Bclouds%2C19.0.0%2CN%3Btranslate%2C18.0.100%2CN%3Bhighloadblock%2C19.0.0%2CN%3Bmessageservice%2C19.0.0%2CN%3Baspro.allcorp%2C1.0.16%2CN%3Bfileman%2C18.5.500%2CN%3Bcompression%2C19.0.0%2CN%3Bsocialservices%2C19.0.0%2CN%3Bperfmon%2C18.5.0%2CN%3Bui%2C19.0.400%2CN%3Bb24connector%2C18.5.0%2CN%3Bbitrixcloud%2C18.5.0%2CN%3Brest%2C18.5.162%2CN%3Bseo%2C19.0.800%2CN%3Bsearch%2C18.5.200%2CN%3Blanding%2C19.0.175%2CN%3Bbitrix.sitecorporate%2C15.5.0%2CN%3Biblock%2C18.6.1000%2CN&reqm=aspro.allcorp&lim=Y&SUPD_SRS=RU&SUPD_CMP=Y
2019-12-24 15:01:18 -  - exec CUpdateClientPartner::GetHTTPPage
2019-12-24 15:01:18 -  - TIME LoadModulesUpdates(request) 0.24 sec
2019-12-24 15:01:18 -  - exec CUpdateClientPartner::ParseServerData
2019-12-24 15:01:18 - S - STEP
2019-12-24 15:01:18 - LM4W01 - loadModule4Wizard-Step
2019-12-24 15:01:18 -  - exec CUpdateClientPartner::LoadModulesUpdates
2019-12-24 15:01:18 -  - exec CUpdateClientPartner::ParseServerData
2019-12-24 15:01:18 -  - loadFile
2019-12-24 15:01:18 - U - RETURN
2019-12-24 15:01:18 -  - exec CUpdateClientPartner::UnGzipArchive
2019-12-24 15:01:19 -  - TIME UnGzipArchive 0.013 sec
2019-12-24 15:01:19 - CSURUS1 - Run updater '/bitrix/updates/update_m1577188878/aspro.allcorp/updater1.0.17.php'
2019-12-24 15:01:19 -  - TIME UpdateStepModules 0.089 sec
2019-12-24 15:01:19 -  - exec CUpdateClientPartner::LoadModulesUpdates
2019-12-24 15:01:19 -  - exec CUpdateClientPartner::__CollectRequestData
2019-12-24 15:01:19 -  - utf=Y&lang=ru&stable=Y&CANGZIP=Y&SUPD_DBS=MYSQL&XE=N&CLIENT_SITE=kgbur.dev.dialtest.ru&LICENSE_KEY=X&SUPD_STS=1&SUPD_URS=0&SUPD_URSA=1&TYPENC=F&CLIENT_PHPVER=7.3.11&NGINX=Y&dbv=10.1.41&instm=main%2C20.0.0%2CN%3Bclouds%2C19.0.0%2CN%3Btranslate%2C18.0.100%2CN%3Bhighloadblock%2C19.0.0%2CN%3Bmessageservice%2C19.0.0%2CN%3Baspro.allcorp%2C1.0.17%2CN%3Bfileman%2C18.5.500%2CN%3Bcompression%2C19.0.0%2CN%3Bsocialservices%2C19.0.0%2CN%3Bperfmon%2C18.5.0%2CN%3Bui%2C19.0.400%2CN%3Bb24connector%2C18.5.0%2CN%3Bbitrixcloud%2C18.5.0%2CN%3Brest%2C18.5.162%2CN%3Bseo%2C19.0.800%2CN%3Bsearch%2C18.5.200%2CN%3Blanding%2C19.0.175%2CN%3Bbitrix.sitecorporate%2C15.5.0%2CN%3Biblock%2C18.6.1000%2CN&reqm=aspro.allcorp&lim=Y&SUPD_SRS=RU&SUPD_CMP=Y
2019-12-24 15:01:19 -  - exec CUpdateClientPartner::GetHTTPPage
2019-12-24 15:01:19 -  - TIME LoadModulesUpdates(request) 0.248 sec
2019-12-24 15:01:19 -  - exec CUpdateClientPartner::ParseServerData
2019-12-24 15:01:19 - S - STEP
2019-12-24 15:01:19 - LM4W01 - loadModule4Wizard-Step
2019-12-24 15:01:19 -  - exec CUpdateClientPartner::LoadModulesUpdates
2019-12-24 15:01:19 -  - exec CUpdateClientPartner::ParseServerData
2019-12-24 15:01:19 -  - loadFile
2019-12-24 15:01:20 - U - RETURN
2019-12-24 15:01:20 -  - exec CUpdateClientPartner::UnGzipArchive
2019-12-24 15:01:20 -  - TIME UnGzipArchive 0.011 sec
2019-12-24 15:01:20 - CSURUS1 - Run updater '/bitrix/updates/update_m1577188880/aspro.allcorp/updater1.1.0.php'
2019-12-24 15:01:20 -  - TIME UpdateStepModules 0.092 sec
2019-12-24 15:01:20 -  - exec CUpdateClientPartner::LoadModulesUpdates
2019-12-24 15:01:20 -  - exec CUpdateClientPartner::__CollectRequestData
2019-12-24 15:01:20 -  - utf=Y&lang=ru&stable=Y&CANGZIP=Y&SUPD_DBS=MYSQL&XE=N&CLIENT_SITE=kgbur.dev.dialtest.ru&LICENSE_KEY=X&SUPD_STS=1&SUPD_URS=0&SUPD_URSA=1&TYPENC=F&CLIENT_PHPVER=7.3.11&NGINX=Y&dbv=10.1.41&instm=main%2C20.0.0%2CN%3Bclouds%2C19.0.0%2CN%3Btranslate%2C18.0.100%2CN%3Bhighloadblock%2C19.0.0%2CN%3Bmessageservice%2C19.0.0%2CN%3Baspro.allcorp%2C1.1.0%2CN%3Bfileman%2C18.5.500%2CN%3Bcompression%2C19.0.0%2CN%3Bsocialservices%2C19.0.0%2CN%3Bperfmon%2C18.5.0%2CN%3Bui%2C19.0.400%2CN%3Bb24connector%2C18.5.0%2CN%3Bbitrixcloud%2C18.5.0%2CN%3Brest%2C18.5.162%2CN%3Bseo%2C19.0.800%2CN%3Bsearch%2C18.5.200%2CN%3Blanding%2C19.0.175%2CN%3Bbitrix.sitecorporate%2C15.5.0%2CN%3Biblock%2C18.6.1000%2CN&reqm=aspro.allcorp&lim=Y&SUPD_SRS=RU&SUPD_CMP=Y
2019-12-24 15:01:20 -  - exec CUpdateClientPartner::GetHTTPPage
2019-12-24 15:01:20 -  - TIME LoadModulesUpdates(request) 0.231 sec
2019-12-24 15:01:20 -  - exec CUpdateClientPartner::ParseServerData
2019-12-24 15:01:20 - S - STEP
2019-12-24 15:01:20 - LM4W01 - loadModule4Wizard-Step
2019-12-24 15:01:20 -  - exec CUpdateClientPartner::LoadModulesUpdates
2019-12-24 15:01:20 -  - exec CUpdateClientPartner::ParseServerData
2019-12-24 15:01:20 -  - loadFile
2019-12-24 15:01:21 - U - RETURN
2019-12-24 15:01:21 -  - exec CUpdateClientPartner::UnGzipArchive
2019-12-24 15:01:21 -  - TIME UnGzipArchive 0.001 sec
2019-12-24 15:01:21 - CSURUS1 - Run updater '/bitrix/updates/update_m1577188881/aspro.allcorp/updater1.1.1.php'
2019-12-24 15:01:21 -  - TIME UpdateStepModules 0.041 sec
2019-12-24 15:01:21 -  - exec CUpdateClientPartner::LoadModulesUpdates
2019-12-24 15:01:21 -  - exec CUpdateClientPartner::__CollectRequestData
2019-12-24 15:01:21 -  - utf=Y&lang=ru&stable=Y&CANGZIP=Y&SUPD_DBS=MYSQL&XE=N&CLIENT_SITE=kgbur.dev.dialtest.ru&LICENSE_KEY=X&SUPD_STS=1&SUPD_URS=0&SUPD_URSA=1&TYPENC=F&CLIENT_PHPVER=7.3.11&NGINX=Y&dbv=10.1.41&instm=main%2C20.0.0%2CN%3Bclouds%2C19.0.0%2CN%3Btranslate%2C18.0.100%2CN%3Bhighloadblock%2C19.0.0%2CN%3Bmessageservice%2C19.0.0%2CN%3Baspro.allcorp%2C1.1.1%2CN%3Bfileman%2C18.5.500%2CN%3Bcompression%2C19.0.0%2CN%3Bsocialservices%2C19.0.0%2CN%3Bperfmon%2C18.5.0%2CN%3Bui%2C19.0.400%2CN%3Bb24connector%2C18.5.0%2CN%3Bbitrixcloud%2C18.5.0%2CN%3Brest%2C18.5.162%2CN%3Bseo%2C19.0.800%2CN%3Bsearch%2C18.5.200%2CN%3Blanding%2C19.0.175%2CN%3Bbitrix.sitecorporate%2C15.5.0%2CN%3Biblock%2C18.6.1000%2CN&reqm=aspro.allcorp&lim=Y&SUPD_SRS=RU&SUPD_CMP=Y
2019-12-24 15:01:21 -  - exec CUpdateClientPartner::GetHTTPPage
2019-12-24 15:01:21 -  - TIME LoadModulesUpdates(request) 0.257 sec
2019-12-24 15:01:21 -  - exec CUpdateClientPartner::ParseServerData
2019-12-24 15:01:21 - S - STEP
2019-12-24 15:01:21 - LM4W01 - loadModule4Wizard-Step
2019-12-24 15:01:21 -  - exec CUpdateClientPartner::LoadModulesUpdates
2019-12-24 15:01:21 -  - exec CUpdateClientPartner::ParseServerData
2019-12-24 15:01:21 -  - loadFile
2019-12-24 15:01:21 - U - RETURN
2019-12-24 15:01:21 -  - exec CUpdateClientPartner::UnGzipArchive
2019-12-24 15:01:21 -  - TIME UnGzipArchive 0.002 sec
2019-12-24 15:01:21 - CSURUS1 - Run updater '/bitrix/updates/update_m1577188881/aspro.allcorp/updater1.1.2.php'
2019-12-24 15:01:22 -  - TIME UpdateStepModules 0.055 sec
2019-12-24 15:01:22 -  - exec CUpdateClientPartner::LoadModulesUpdates
2019-12-24 15:01:22 -  - exec CUpdateClientPartner::__CollectRequestData
2019-12-24 15:01:22 -  - utf=Y&lang=ru&stable=Y&CANGZIP=Y&SUPD_DBS=MYSQL&XE=N&CLIENT_SITE=kgbur.dev.dialtest.ru&LICENSE_KEY=X&SUPD_STS=1&SUPD_URS=0&SUPD_URSA=1&TYPENC=F&CLIENT_PHPVER=7.3.11&NGINX=Y&dbv=10.1.41&instm=main%2C20.0.0%2CN%3Bclouds%2C19.0.0%2CN%3Btranslate%2C18.0.100%2CN%3Bhighloadblock%2C19.0.0%2CN%3Bmessageservice%2C19.0.0%2CN%3Baspro.allcorp%2C1.1.2%2CN%3Bfileman%2C18.5.500%2CN%3Bcompression%2C19.0.0%2CN%3Bsocialservices%2C19.0.0%2CN%3Bperfmon%2C18.5.0%2CN%3Bui%2C19.0.400%2CN%3Bb24connector%2C18.5.0%2CN%3Bbitrixcloud%2C18.5.0%2CN%3Brest%2C18.5.162%2CN%3Bseo%2C19.0.800%2CN%3Bsearch%2C18.5.200%2CN%3Blanding%2C19.0.175%2CN%3Bbitrix.sitecorporate%2C15.5.0%2CN%3Biblock%2C18.6.1000%2CN&reqm=aspro.allcorp&lim=Y&SUPD_SRS=RU&SUPD_CMP=Y
2019-12-24 15:01:22 -  - exec CUpdateClientPartner::GetHTTPPage
2019-12-24 15:01:22 -  - TIME LoadModulesUpdates(request) 0.254 sec
2019-12-24 15:01:22 -  - exec CUpdateClientPartner::ParseServerData
2019-12-24 15:01:22 - S - STEP
2019-12-24 15:01:22 - LM4W01 - loadModule4Wizard-Step
2019-12-24 15:01:22 -  - exec CUpdateClientPartner::LoadModulesUpdates
2019-12-24 15:01:22 -  - exec CUpdateClientPartner::ParseServerData
2019-12-24 15:01:22 -  - loadFile
2019-12-24 15:01:22 - U - RETURN
2019-12-24 15:01:22 -  - exec CUpdateClientPartner::UnGzipArchive
2019-12-24 15:01:22 -  - TIME UnGzipArchive 0.006 sec
2019-12-24 15:01:22 - CSURUS1 - Run updater '/bitrix/updates/update_m1577188882/aspro.allcorp/updater1.1.3.php'
2019-12-24 15:01:23 -  - TIME UpdateStepModules 0.065 sec
2019-12-24 15:01:23 -  - exec CUpdateClientPartner::LoadModulesUpdates
2019-12-24 15:01:23 -  - exec CUpdateClientPartner::__CollectRequestData
2019-12-24 15:01:23 -  - utf=Y&lang=ru&stable=Y&CANGZIP=Y&SUPD_DBS=MYSQL&XE=N&CLIENT_SITE=kgbur.dev.dialtest.ru&LICENSE_KEY=X&SUPD_STS=1&SUPD_URS=0&SUPD_URSA=1&TYPENC=F&CLIENT_PHPVER=7.3.11&NGINX=Y&dbv=10.1.41&instm=main%2C20.0.0%2CN%3Bclouds%2C19.0.0%2CN%3Btranslate%2C18.0.100%2CN%3Bhighloadblock%2C19.0.0%2CN%3Bmessageservice%2C19.0.0%2CN%3Baspro.allcorp%2C1.1.3%2CN%3Bfileman%2C18.5.500%2CN%3Bcompression%2C19.0.0%2CN%3Bsocialservices%2C19.0.0%2CN%3Bperfmon%2C18.5.0%2CN%3Bui%2C19.0.400%2CN%3Bb24connector%2C18.5.0%2CN%3Bbitrixcloud%2C18.5.0%2CN%3Brest%2C18.5.162%2CN%3Bseo%2C19.0.800%2CN%3Bsearch%2C18.5.200%2CN%3Blanding%2C19.0.175%2CN%3Bbitrix.sitecorporate%2C15.5.0%2CN%3Biblock%2C18.6.1000%2CN&reqm=aspro.allcorp&lim=Y&SUPD_SRS=RU&SUPD_CMP=Y
2019-12-24 15:01:23 -  - exec CUpdateClientPartner::GetHTTPPage
2019-12-24 15:01:23 -  - TIME LoadModulesUpdates(request) 0.23 sec
2019-12-24 15:01:23 -  - exec CUpdateClientPartner::ParseServerData
2019-12-24 15:01:23 - S - STEP
2019-12-24 15:01:23 - LM4W01 - loadModule4Wizard-Step
2019-12-24 15:01:23 -  - exec CUpdateClientPartner::LoadModulesUpdates
2019-12-24 15:01:23 -  - exec CUpdateClientPartner::ParseServerData
2019-12-24 15:01:23 -  - loadFile
2019-12-24 15:01:24 - U - RETURN
2019-12-24 15:01:24 -  - exec CUpdateClientPartner::UnGzipArchive
2019-12-24 15:01:24 -  - TIME UnGzipArchive 0.01 sec
2019-12-24 15:01:24 - CSURUS1 - Run updater '/bitrix/updates/update_m1577188884/aspro.allcorp/updater1.1.4.php'
2019-12-24 15:01:24 -  - TIME UpdateStepModules 0.094 sec
2019-12-24 15:01:24 -  - exec CUpdateClientPartner::LoadModulesUpdates
2019-12-24 15:01:24 -  - exec CUpdateClientPartner::__CollectRequestData
2019-12-24 15:01:24 -  - utf=Y&lang=ru&stable=Y&CANGZIP=Y&SUPD_DBS=MYSQL&XE=N&CLIENT_SITE=kgbur.dev.dialtest.ru&LICENSE_KEY=X&SUPD_STS=1&SUPD_URS=0&SUPD_URSA=1&TYPENC=F&CLIENT_PHPVER=7.3.11&NGINX=Y&dbv=10.1.41&instm=main%2C20.0.0%2CN%3Bclouds%2C19.0.0%2CN%3Btranslate%2C18.0.100%2CN%3Bhighloadblock%2C19.0.0%2CN%3Bmessageservice%2C19.0.0%2CN%3Baspro.allcorp%2C1.1.4%2CN%3Bfileman%2C18.5.500%2CN%3Bcompression%2C19.0.0%2CN%3Bsocialservices%2C19.0.0%2CN%3Bperfmon%2C18.5.0%2CN%3Bui%2C19.0.400%2CN%3Bb24connector%2C18.5.0%2CN%3Bbitrixcloud%2C18.5.0%2CN%3Brest%2C18.5.162%2CN%3Bseo%2C19.0.800%2CN%3Bsearch%2C18.5.200%2CN%3Blanding%2C19.0.175%2CN%3Bbitrix.sitecorporate%2C15.5.0%2CN%3Biblock%2C18.6.1000%2CN&reqm=aspro.allcorp&lim=Y&SUPD_SRS=RU&SUPD_CMP=Y
2019-12-24 15:01:24 -  - exec CUpdateClientPartner::GetHTTPPage
2019-12-24 15:01:24 -  - TIME LoadModulesUpdates(request) 0.233 sec
2019-12-24 15:01:24 -  - exec CUpdateClientPartner::ParseServerData
2019-12-24 15:01:24 - S - STEP
2019-12-24 15:01:24 - LM4W01 - loadModule4Wizard-Step
2019-12-24 15:01:24 -  - exec CUpdateClientPartner::LoadModulesUpdates
2019-12-24 15:01:24 -  - exec CUpdateClientPartner::ParseServerData
2019-12-24 15:01:24 -  - loadFile
2019-12-24 15:01:25 - U - RETURN
2019-12-24 15:01:25 -  - exec CUpdateClientPartner::UnGzipArchive
2019-12-24 15:01:25 -  - TIME UnGzipArchive 0.007 sec
2019-12-24 15:01:25 - CSURUS1 - Run updater '/bitrix/updates/update_m1577188885/aspro.allcorp/updater1.1.5.php'
2019-12-24 15:01:25 -  - TIME UpdateStepModules 0.083 sec
2019-12-24 15:01:25 -  - exec CUpdateClientPartner::LoadModulesUpdates
2019-12-24 15:01:25 -  - exec CUpdateClientPartner::__CollectRequestData
2019-12-24 15:01:25 -  - utf=Y&lang=ru&stable=Y&CANGZIP=Y&SUPD_DBS=MYSQL&XE=N&CLIENT_SITE=kgbur.dev.dialtest.ru&LICENSE_KEY=X&SUPD_STS=1&SUPD_URS=0&SUPD_URSA=1&TYPENC=F&CLIENT_PHPVER=7.3.11&NGINX=Y&dbv=10.1.41&instm=main%2C20.0.0%2CN%3Bclouds%2C19.0.0%2CN%3Btranslate%2C18.0.100%2CN%3Bhighloadblock%2C19.0.0%2CN%3Bmessageservice%2C19.0.0%2CN%3Baspro.allcorp%2C1.1.5%2CN%3Bfileman%2C18.5.500%2CN%3Bcompression%2C19.0.0%2CN%3Bsocialservices%2C19.0.0%2CN%3Bperfmon%2C18.5.0%2CN%3Bui%2C19.0.400%2CN%3Bb24connector%2C18.5.0%2CN%3Bbitrixcloud%2C18.5.0%2CN%3Brest%2C18.5.162%2CN%3Bseo%2C19.0.800%2CN%3Bsearch%2C18.5.200%2CN%3Blanding%2C19.0.175%2CN%3Bbitrix.sitecorporate%2C15.5.0%2CN%3Biblock%2C18.6.1000%2CN&reqm=aspro.allcorp&lim=Y&SUPD_SRS=RU&SUPD_CMP=Y
2019-12-24 15:01:25 -  - exec CUpdateClientPartner::GetHTTPPage
2019-12-24 15:01:25 -  - TIME LoadModulesUpdates(request) 0.272 sec
2019-12-24 15:01:25 -  - exec CUpdateClientPartner::ParseServerData
2019-12-24 15:01:25 - STEP - Finish - NOUPDATES
2019-12-24 15:01:25 - LM4W03 - Finish - NOUPDATES
2019-12-24 15:02:23 -  - exec CUpdateClientPartner::__CollectRequestData
2019-12-24 15:02:23 -  - exec CUpdateClientPartner::GetHTTPPage
2019-12-24 15:02:23 -  - exec CUpdateClientPartner::ParseServerData
2019-12-24 15:02:23 -  - exec CUpdateClientPartner::GetUpdatesList
2019-12-24 15:02:23 -  - exec CUpdateClientPartner::__CollectRequestData
2019-12-24 15:02:23 -  - utf=Y&lang=ru&stable=Y&CANGZIP=Y&SUPD_DBS=MYSQL&XE=N&CLIENT_SITE=kgbur.dev.dialtest.ru&LICENSE_KEY=X&SUPD_STS=1&SUPD_URS=0&SUPD_URSA=1&TYPENC=F&CLIENT_PHPVER=7.3.11&NGINX=Y&dbv=10.1.41&instm=main%2C20.0.0%2CN%3Bclouds%2C19.0.0%2CN%3Btranslate%2C18.0.100%2CN%3Bhighloadblock%2C19.0.0%2CN%3Bmessageservice%2C19.0.0%2CN%3Baspro.allcorp%2C1.1.5%2CN%3Bfileman%2C18.5.500%2CN%3Bcompression%2C19.0.0%2CN%3Bsocialservices%2C19.0.0%2CN%3Bperfmon%2C18.5.0%2CN%3Bui%2C19.0.400%2CN%3Bb24connector%2C18.5.0%2CN%3Bbitrixcloud%2C18.5.0%2CN%3Brest%2C18.5.162%2CN%3Bseo%2C19.0.800%2CN%3Bsearch%2C18.5.200%2CN%3Blanding%2C19.0.175%2CN%3Bbitrix.sitecorporate%2C15.5.0%2CN%3Biblock%2C18.6.1000%2CN&reqm=aspro.allcorp%2Cbitrix.sitecorporate&fullmoduleinfo=Y&SUPD_SRS=RU&SUPD_CMP=Y
2019-12-24 15:02:23 -  - exec CUpdateClientPartner::GetHTTPPage
2019-12-24 15:02:24 -  - TIME GetUpdatesList(request) 0.248 sec
2019-12-24 15:02:24 -  - exec CUpdateClientPartner::ParseServerData
2019-12-24 15:02:24 -  - exec CUpdateClientPartner::__CollectRequestData
2019-12-24 15:02:24 -  - exec CUpdateClientPartner::GetHTTPPage
2019-12-24 15:02:24 -  - exec CUpdateClientPartner::ParseServerData
2020-01-10 14:37:29 -  - exec CUpdateClientPartner::__CollectRequestData
2020-01-10 14:37:29 -  - exec CUpdateClientPartner::GetHTTPPage
2020-01-10 14:37:29 -  - exec CUpdateClientPartner::ParseServerData
2020-01-10 14:37:29 -  - exec CUpdateClientPartner::GetUpdatesList
2020-01-10 14:37:29 -  - exec CUpdateClientPartner::__CollectRequestData
2020-01-10 14:37:29 -  - utf=Y&lang=ru&stable=Y&CANGZIP=Y&SUPD_DBS=MYSQL&XE=N&CLIENT_SITE=kgbur.dev.dialtest.ru&LICENSE_KEY=X&SUPD_STS=1&SUPD_URS=0&SUPD_URSA=1&TYPENC=F&CLIENT_PHPVER=7.3.13&NGINX=Y&dbv=10.1.41&instm=main%2C20.0.0%2CN%3Bclouds%2C19.0.0%2CN%3Btranslate%2C18.0.100%2CN%3Bhighloadblock%2C19.0.0%2CN%3Bmessageservice%2C19.0.0%2CN%3Baspro.allcorp%2C1.1.5%2CN%3Bfileman%2C18.5.500%2CN%3Bcompression%2C19.0.0%2CN%3Bsocialservices%2C19.0.0%2CN%3Bperfmon%2C18.5.0%2CN%3Bui%2C19.0.400%2CN%3Bb24connector%2C18.5.0%2CN%3Bbitrixcloud%2C18.5.0%2CN%3Brest%2C18.5.162%2CN%3Bseo%2C19.0.800%2CN%3Bsearch%2C18.5.200%2CN%3Blanding%2C19.0.175%2CN%3Bbitrix.sitecorporate%2C15.5.0%2CN%3Biblock%2C18.6.1000%2CN&reqm=aspro.allcorp%2Cbitrix.sitecorporate&fullmoduleinfo=Y&SUPD_SRS=RU&SUPD_CMP=Y
2020-01-10 14:37:29 -  - exec CUpdateClientPartner::GetHTTPPage
2020-01-10 14:37:29 -  - TIME GetUpdatesList(request) 0.223 sec
2020-01-10 14:37:29 -  - exec CUpdateClientPartner::ParseServerData
2020-01-10 14:37:29 -  - exec CUpdateClientPartner::__CollectRequestData
2020-01-10 14:37:29 -  - exec CUpdateClientPartner::GetHTTPPage
2020-01-10 14:37:30 -  - exec CUpdateClientPartner::ParseServerData
2020-01-21 14:46:39 -  - exec CUpdateClientPartner::__CollectRequestData
2020-01-21 14:46:39 -  - exec CUpdateClientPartner::GetHTTPPage
2020-01-21 14:46:39 -  - exec CUpdateClientPartner::ParseServerData
2020-01-21 14:46:39 -  - exec CUpdateClientPartner::GetUpdatesList
2020-01-21 14:46:39 -  - exec CUpdateClientPartner::__CollectRequestData
2020-01-21 14:46:39 -  - utf=Y&lang=ru&stable=Y&CANGZIP=Y&SUPD_DBS=MYSQL&XE=N&CLIENT_SITE=kgbur.dev.dialtest.ru&LICENSE_KEY=X&SUPD_STS=1&SUPD_URS=0&SUPD_URSA=2&TYPENC=F&CLIENT_PHPVER=7.3.13&NGINX=Y&dbv=10.1.41&instm=main%2C20.0.0%2CN%3Bclouds%2C19.0.0%2CN%3Btranslate%2C18.0.100%2CN%3Bhighloadblock%2C19.0.0%2CN%3Bmessageservice%2C19.0.0%2CN%3Baspro.allcorp%2C1.1.5%2CN%3Bfileman%2C18.5.500%2CN%3Bcompression%2C19.0.0%2CN%3Bsocialservices%2C19.0.0%2CN%3Bperfmon%2C18.5.0%2CN%3Bui%2C19.0.400%2CN%3Bb24connector%2C18.5.0%2CN%3Bbitrixcloud%2C18.5.0%2CN%3Brest%2C18.5.162%2CN%3Bseo%2C19.0.800%2CN%3Bsearch%2C18.5.200%2CN%3Blanding%2C19.0.175%2CN%3Bbitrix.sitecorporate%2C15.5.0%2CN%3Biblock%2C18.6.1000%2CN&reqm=aspro.allcorp%2Cbitrix.sitecorporate&fullmoduleinfo=Y&SUPD_SRS=RU&SUPD_CMP=Y
2020-01-21 14:46:39 -  - exec CUpdateClientPartner::GetHTTPPage
2020-01-21 14:46:39 -  - TIME GetUpdatesList(request) 0.244 sec
2020-01-21 14:46:39 -  - exec CUpdateClientPartner::ParseServerData
2020-01-21 14:46:39 -  - exec CUpdateClientPartner::__CollectRequestData
2020-01-21 14:46:39 -  - exec CUpdateClientPartner::GetHTTPPage
2020-01-21 14:46:40 -  - exec CUpdateClientPartner::ParseServerData
2020-01-22 14:50:14 -  - exec CUpdateClientPartner::__CollectRequestData
2020-01-22 14:50:14 -  - exec CUpdateClientPartner::GetHTTPPage
2020-01-22 14:50:14 -  - exec CUpdateClientPartner::ParseServerData
2020-01-22 14:50:14 -  - exec CUpdateClientPartner::GetUpdatesList
2020-01-22 14:50:14 -  - exec CUpdateClientPartner::__CollectRequestData
2020-01-22 14:50:14 -  - utf=Y&lang=ru&stable=Y&CANGZIP=Y&SUPD_DBS=MYSQL&XE=N&CLIENT_SITE=kgbur.dev.dialtest.ru&LICENSE_KEY=X&SUPD_STS=1&SUPD_URS=0&SUPD_URSA=2&TYPENC=F&CLIENT_PHPVER=7.3.13&NGINX=Y&dbv=10.1.41&instm=main%2C20.0.0%2CN%3Bclouds%2C19.0.0%2CN%3Btranslate%2C18.0.100%2CN%3Bhighloadblock%2C19.0.0%2CN%3Bmessageservice%2C19.0.0%2CN%3Baspro.allcorp%2C1.1.5%2CN%3Bfileman%2C18.5.500%2CN%3Bcompression%2C19.0.0%2CN%3Bsocialservices%2C19.0.0%2CN%3Bperfmon%2C18.5.0%2CN%3Bui%2C19.0.400%2CN%3Bb24connector%2C18.5.0%2CN%3Bbitrixcloud%2C18.5.0%2CN%3Brest%2C18.5.162%2CN%3Bseo%2C19.0.800%2CN%3Bsearch%2C18.5.200%2CN%3Blanding%2C19.0.175%2CN%3Bbitrix.sitecorporate%2C15.5.0%2CN%3Biblock%2C18.6.1000%2CN&reqm=aspro.allcorp%2Cbitrix.sitecorporate&fullmoduleinfo=Y&SUPD_SRS=RU&SUPD_CMP=Y
2020-01-22 14:50:14 -  - exec CUpdateClientPartner::GetHTTPPage
2020-01-22 14:50:14 -  - TIME GetUpdatesList(request) 0.248 sec
2020-01-22 14:50:14 -  - exec CUpdateClientPartner::ParseServerData
2020-01-22 14:50:14 -  - exec CUpdateClientPartner::__CollectRequestData
2020-01-22 14:50:14 -  - exec CUpdateClientPartner::GetHTTPPage
2020-01-22 14:50:14 -  - exec CUpdateClientPartner::ParseServerData
2020-01-22 16:04:32 -  - exec CUpdateClientPartner::GetUpdatesList
2020-01-22 16:04:32 -  - exec CUpdateClientPartner::__CollectRequestData
2020-01-22 16:04:32 -  - utf=Y&lang=ru&stable=Y&CANGZIP=Y&SUPD_DBS=MYSQL&XE=N&CLIENT_SITE=kgbur.dev.dialtest.ru&LICENSE_KEY=X&SUPD_STS=1&SUPD_URS=0&SUPD_URSA=2&TYPENC=F&CLIENT_PHPVER=7.3.13&NGINX=Y&dbv=10.1.41&instm=main%2C20.0.0%2CN%3Bclouds%2C19.0.0%2CN%3Btranslate%2C18.0.100%2CN%3Bhighloadblock%2C19.0.0%2CN%3Bmessageservice%2C19.0.0%2CN%3Baspro.allcorp%2C1.1.5%2CN%3Bfileman%2C18.5.500%2CN%3Bcompression%2C19.0.0%2CN%3Bsocialservices%2C19.0.0%2CN%3Bperfmon%2C18.5.0%2CN%3Bui%2C19.0.400%2CN%3Bb24connector%2C18.5.0%2CN%3Bbitrixcloud%2C18.5.0%2CN%3Brest%2C18.5.162%2CN%3Bseo%2C19.0.800%2CN%3Bsearch%2C18.5.200%2CN%3Blanding%2C19.0.175%2CN%3Bbitrix.sitecorporate%2C15.5.0%2CN%3Biblock%2C18.6.1000%2CN&reqm=aspro.allcorp%2Cbitrix.sitecorporate&fullmoduleinfo=Y&SUPD_SRS=RU&SUPD_CMP=Y
2020-01-22 16:04:32 -  - exec CUpdateClientPartner::GetHTTPPage
2020-01-22 16:04:32 -  - TIME GetUpdatesList(request) 0.249 sec
2020-01-22 16:04:32 -  - exec CUpdateClientPartner::ParseServerData
2020-01-27 12:07:53 -  - exec CUpdateClientPartner::__CollectRequestData
2020-01-27 12:07:53 -  - exec CUpdateClientPartner::GetHTTPPage
2020-01-27 12:07:53 -  - exec CUpdateClientPartner::ParseServerData
2020-01-27 12:07:53 -  - exec CUpdateClientPartner::GetUpdatesList
2020-01-27 12:07:53 -  - exec CUpdateClientPartner::__CollectRequestData
2020-01-27 12:07:53 -  - utf=Y&lang=ru&stable=Y&CANGZIP=Y&SUPD_DBS=MYSQL&XE=N&CLIENT_SITE=kgbur.dev.dialtest.ru&LICENSE_KEY=X&SUPD_STS=1&SUPD_URS=0&SUPD_URSA=2&TYPENC=F&CLIENT_PHPVER=7.3.13&NGINX=Y&dbv=10.1.41&instm=main%2C20.0.0%2CN%3Bclouds%2C19.0.0%2CN%3Btranslate%2C18.0.100%2CN%3Bhighloadblock%2C19.0.0%2CN%3Bmessageservice%2C19.0.0%2CN%3Baspro.allcorp%2C1.1.5%2CN%3Bfileman%2C18.5.500%2CN%3Bcompression%2C19.0.0%2CN%3Bsocialservices%2C19.0.0%2CN%3Bperfmon%2C18.5.0%2CN%3Bui%2C19.0.400%2CN%3Bb24connector%2C18.5.0%2CN%3Bbitrixcloud%2C18.5.0%2CN%3Brest%2C18.5.162%2CN%3Bseo%2C19.0.800%2CN%3Bsearch%2C18.5.200%2CN%3Blanding%2C19.0.175%2CN%3Bbitrix.sitecorporate%2C15.5.0%2CN%3Biblock%2C18.6.1000%2CN&reqm=aspro.allcorp%2Cbitrix.sitecorporate&fullmoduleinfo=Y&SUPD_SRS=RU&SUPD_CMP=Y
2020-01-27 12:07:53 -  - exec CUpdateClientPartner::GetHTTPPage
2020-01-27 12:07:53 -  - TIME GetUpdatesList(request) 0.242 sec
2020-01-27 12:07:53 -  - exec CUpdateClientPartner::ParseServerData
2020-01-27 12:07:53 -  - exec CUpdateClientPartner::__CollectRequestData
2020-01-27 12:07:53 -  - exec CUpdateClientPartner::GetHTTPPage
2020-01-27 12:07:53 -  - exec CUpdateClientPartner::ParseServerData
2020-01-27 16:52:09 -  - exec CUpdateClientPartner::GetUpdatesList
2020-01-27 16:52:09 -  - exec CUpdateClientPartner::__CollectRequestData
2020-01-27 16:52:09 -  - utf=Y&lang=ru&stable=Y&CANGZIP=Y&SUPD_DBS=MYSQL&XE=N&CLIENT_SITE=kgbur.dev.dialtest.ru&LICENSE_KEY=X&SUPD_STS=1&SUPD_URS=0&SUPD_URSA=2&TYPENC=F&CLIENT_PHPVER=7.3.13&NGINX=Y&dbv=10.1.41&instm=main%2C20.0.0%2CN%3Bclouds%2C19.0.0%2CN%3Btranslate%2C18.0.100%2CN%3Bhighloadblock%2C19.0.0%2CN%3Bmessageservice%2C19.0.0%2CN%3Baspro.allcorp%2C1.1.5%2CN%3Bfileman%2C18.5.500%2CN%3Bcompression%2C19.0.0%2CN%3Bsocialservices%2C19.0.0%2CN%3Bperfmon%2C18.5.0%2CN%3Bui%2C19.0.400%2CN%3Bb24connector%2C18.5.0%2CN%3Bbitrixcloud%2C18.5.0%2CN%3Brest%2C18.5.162%2CN%3Bseo%2C19.0.800%2CN%3Bsearch%2C18.5.200%2CN%3Blanding%2C19.0.175%2CN%3Bbitrix.sitecorporate%2C15.5.0%2CN%3Biblock%2C18.6.1000%2CN&reqm=aspro.allcorp%2Cbitrix.sitecorporate&fullmoduleinfo=Y&SUPD_SRS=RU&SUPD_CMP=Y
2020-01-27 16:52:09 -  - exec CUpdateClientPartner::GetHTTPPage
2020-01-27 16:52:10 -  - TIME GetUpdatesList(request) 0.248 sec
2020-01-27 16:52:10 -  - exec CUpdateClientPartner::ParseServerData
2020-01-29 09:24:27 -  - exec CUpdateClientPartner::__CollectRequestData
2020-01-29 09:24:27 -  - exec CUpdateClientPartner::GetHTTPPage
2020-01-29 09:24:27 -  - exec CUpdateClientPartner::ParseServerData
2020-01-29 09:24:27 -  - exec CUpdateClientPartner::GetUpdatesList
2020-01-29 09:24:27 -  - exec CUpdateClientPartner::__CollectRequestData
2020-01-29 09:24:27 -  - utf=Y&lang=ru&stable=Y&CANGZIP=Y&SUPD_DBS=MYSQL&XE=N&CLIENT_SITE=kgbur.dev.dialtest.ru&LICENSE_KEY=X&SUPD_STS=1&SUPD_URS=0&SUPD_URSA=2&TYPENC=F&CLIENT_PHPVER=7.3.13&NGINX=Y&dbv=10.1.41&instm=main%2C20.0.0%2CN%3Bclouds%2C19.0.0%2CN%3Btranslate%2C18.0.100%2CN%3Bhighloadblock%2C19.0.0%2CN%3Bmessageservice%2C19.0.0%2CN%3Baspro.allcorp%2C1.1.5%2CN%3Bfileman%2C18.5.500%2CN%3Bcompression%2C19.0.0%2CN%3Bsocialservices%2C19.0.0%2CN%3Bperfmon%2C18.5.0%2CN%3Bui%2C19.0.400%2CN%3Bb24connector%2C18.5.0%2CN%3Bbitrixcloud%2C18.5.0%2CN%3Brest%2C18.5.162%2CN%3Bseo%2C19.0.800%2CN%3Bsearch%2C18.5.200%2CN%3Blanding%2C19.0.175%2CN%3Bbitrix.sitecorporate%2C15.5.0%2CN%3Biblock%2C18.6.1000%2CN&reqm=aspro.allcorp%2Cbitrix.sitecorporate&fullmoduleinfo=Y&SUPD_SRS=RU&SUPD_CMP=Y
2020-01-29 09:24:27 -  - exec CUpdateClientPartner::GetHTTPPage
2020-01-29 09:24:27 -  - TIME GetUpdatesList(request) 0.25 sec
2020-01-29 09:24:27 -  - exec CUpdateClientPartner::ParseServerData
2020-01-29 09:24:27 -  - exec CUpdateClientPartner::__CollectRequestData
2020-01-29 09:24:27 -  - exec CUpdateClientPartner::GetHTTPPage
2020-01-29 09:24:27 -  - exec CUpdateClientPartner::ParseServerData
2020-02-05 15:02:49 -  - exec CUpdateClientPartner::GetUpdatesList
2020-02-05 15:02:49 -  - exec CUpdateClientPartner::__CollectRequestData
2020-02-05 15:02:49 -  - utf=Y&lang=ru&stable=Y&CANGZIP=Y&SUPD_DBS=MYSQL&XE=N&CLIENT_SITE=kgbur.ru&LICENSE_KEY=X&SUPD_STS=1&SUPD_URS=0&SUPD_URSA=2&TYPENC=F&CLIENT_PHPVER=7.3.13&NGINX=Y&dbv=10.1.41&instm=main%2C20.0.0%2CN%3Bclouds%2C19.0.0%2CN%3Btranslate%2C18.0.100%2CN%3Bhighloadblock%2C19.0.0%2CN%3Bmessageservice%2C19.0.0%2CN%3Baspro.allcorp%2C1.1.5%2CN%3Bfileman%2C18.5.500%2CN%3Bcompression%2C19.0.0%2CN%3Bsocialservices%2C19.0.0%2CN%3Bperfmon%2C18.5.0%2CN%3Bui%2C19.0.400%2CN%3Bb24connector%2C18.5.0%2CN%3Bbitrixcloud%2C18.5.0%2CN%3Brest%2C18.5.162%2CN%3Bseo%2C19.0.800%2CN%3Bsearch%2C18.5.200%2CN%3Blanding%2C19.0.175%2CN%3Bbitrix.sitecorporate%2C15.5.0%2CN%3Biblock%2C18.6.1000%2CN&reqm=aspro.allcorp%2Cbitrix.sitecorporate&fullmoduleinfo=Y&SUPD_SRS=RU&SUPD_CMP=Y
2020-02-05 15:02:49 -  - exec CUpdateClientPartner::GetHTTPPage
2020-02-05 15:02:49 -  - TIME GetUpdatesList(request) 0.269 sec
2020-02-05 15:02:49 -  - exec CUpdateClientPartner::ParseServerData
2020-04-08 11:04:48 -  - exec CUpdateClientPartner::GetUpdatesList
2020-04-08 11:04:48 -  - exec CUpdateClientPartner::__CollectRequestData
2020-04-08 11:04:48 -  - utf=Y&lang=ru&stable=Y&CANGZIP=Y&SUPD_DBS=MYSQL&XE=N&CLIENT_SITE=kgbur.ru&LICENSE_KEY=X&SUPD_STS=1&SUPD_URS=0&SUPD_URSA=2&TYPENC=F&CLIENT_PHPVER=7.0.33-0%2Bdeb9u7&NGINX=Y&dbv=10.1.44&instm=main%2C20.0.0%2CN%3Brest%2C18.5.162%2CN%3Blanding%2C19.0.175%2CN%3Baspro.allcorp%2C1.1.5%2CN%3Bseo%2C19.0.800%2CN%3Biblock%2C18.6.1000%2CN%3Btranslate%2C18.0.100%2CN%3Bmessageservice%2C19.0.0%2CN%3Bperfmon%2C18.5.0%2CN%3Bhighloadblock%2C19.0.0%2CN%3Bui%2C19.0.400%2CN%3Bcompression%2C19.0.0%2CN%3Bsocialservices%2C19.0.0%2CN%3Bbitrix.sitecorporate%2C15.5.0%2CN%3Bsearch%2C18.5.200%2CN%3Bfileman%2C18.5.500%2CN%3Bb24connector%2C18.5.0%2CN%3Bbitrixcloud%2C18.5.0%2CN%3Bclouds%2C19.0.0%2CN&reqm=aspro.allcorp%2Cbitrix.sitecorporate%2Chardkod.turboyandex&SUPD_SRS=RU&SUPD_CMP=Y
2020-04-08 11:04:48 -  - exec CUpdateClientPartner::GetHTTPPage
2020-04-08 11:04:48 -  - TIME GetUpdatesList(request) 0.406 sec
2020-04-08 11:04:48 -  - exec CUpdateClientPartner::ParseServerData
2020-04-08 11:04:58 -  - exec CUpdateClientPartner::LoadModulesUpdates
2020-04-08 11:04:58 -  - exec CUpdateClientPartner::__CollectRequestData
2020-04-08 11:04:58 -  - utf=Y&lang=ru&stable=Y&CANGZIP=Y&SUPD_DBS=MYSQL&XE=N&CLIENT_SITE=kgbur.ru&LICENSE_KEY=X&SUPD_STS=1&SUPD_URS=0&SUPD_URSA=2&TYPENC=F&CLIENT_PHPVER=7.0.33-0%2Bdeb9u7&NGINX=Y&dbv=10.1.44&instm=main%2C20.0.0%2CN%3Brest%2C18.5.162%2CN%3Blanding%2C19.0.175%2CN%3Baspro.allcorp%2C1.1.5%2CN%3Bseo%2C19.0.800%2CN%3Biblock%2C18.6.1000%2CN%3Btranslate%2C18.0.100%2CN%3Bmessageservice%2C19.0.0%2CN%3Bperfmon%2C18.5.0%2CN%3Bhighloadblock%2C19.0.0%2CN%3Bui%2C19.0.400%2CN%3Bcompression%2C19.0.0%2CN%3Bsocialservices%2C19.0.0%2CN%3Bbitrix.sitecorporate%2C15.5.0%2CN%3Bsearch%2C18.5.200%2CN%3Bfileman%2C18.5.500%2CN%3Bb24connector%2C18.5.0%2CN%3Bbitrixcloud%2C18.5.0%2CN%3Bclouds%2C19.0.0%2CN&reqm=hardkod.turboyandex&lim=Y&SUPD_SRS=RU&SUPD_CMP=Y
2020-04-08 11:04:58 -  - exec CUpdateClientPartner::GetHTTPPage
2020-04-08 11:04:58 -  - TIME LoadModulesUpdates(request) 0.241 sec
2020-04-08 11:04:58 -  - exec CUpdateClientPartner::ParseServerData
2020-04-08 11:04:58 - S - STEP
2020-04-08 11:04:58 - LMU01 - LoadModulesUpdates-Step
2020-04-08 11:04:59 -  - exec CUpdateClientPartner::LoadModulesUpdates
2020-04-08 11:04:59 -  - exec CUpdateClientPartner::ParseServerData
2020-04-08 11:04:59 -  - loadFile
2020-04-08 11:04:59 - U - RETURN
2020-04-08 11:04:59 -  - exec CUpdateClientPartner::UnGzipArchive
2020-04-08 11:04:59 -  - TIME UnGzipArchive 0.003 sec
2020-04-08 11:04:59 -  - TIME UpdateStepModules 0.005 sec
2020-04-08 11:04:59 - UPD_SUCCESS - Updated: hardkod.turboyandex
2020-04-08 11:04:59 -  - exec CUpdateClientPartner::LoadModulesUpdates
2020-04-08 11:04:59 -  - exec CUpdateClientPartner::__CollectRequestData
2020-04-08 11:04:59 -  - utf=Y&lang=ru&stable=Y&CANGZIP=Y&SUPD_DBS=MYSQL&XE=N&CLIENT_SITE=kgbur.ru&LICENSE_KEY=X&SUPD_STS=1&SUPD_URS=0&SUPD_URSA=2&TYPENC=F&CLIENT_PHPVER=7.0.33-0%2Bdeb9u7&NGINX=Y&dbv=10.1.44&instm=main%2C20.0.0%2CN%3Brest%2C18.5.162%2CN%3Bhardkod.turboyandex%2C0.9.1%2CN%3Blanding%2C19.0.175%2CN%3Baspro.allcorp%2C1.1.5%2CN%3Bseo%2C19.0.800%2CN%3Biblock%2C18.6.1000%2CN%3Btranslate%2C18.0.100%2CN%3Bmessageservice%2C19.0.0%2CN%3Bperfmon%2C18.5.0%2CN%3Bhighloadblock%2C19.0.0%2CN%3Bui%2C19.0.400%2CN%3Bcompression%2C19.0.0%2CN%3Bsocialservices%2C19.0.0%2CN%3Bbitrix.sitecorporate%2C15.5.0%2CN%3Bsearch%2C18.5.200%2CN%3Bfileman%2C18.5.500%2CN%3Bb24connector%2C18.5.0%2CN%3Bbitrixcloud%2C18.5.0%2CN%3Bclouds%2C19.0.0%2CN&reqm=hardkod.turboyandex&lim=Y&SUPD_SRS=RU&SUPD_CMP=Y
2020-04-08 11:04:59 -  - exec CUpdateClientPartner::GetHTTPPage
2020-04-08 11:04:59 -  - TIME LoadModulesUpdates(request) 0.236 sec
2020-04-08 11:04:59 -  - exec CUpdateClientPartner::ParseServerData
2020-04-08 11:04:59 - S - STEP
2020-04-08 11:04:59 - LMU01 - LoadModulesUpdates-Step
2020-04-08 11:05:00 -  - exec CUpdateClientPartner::LoadModulesUpdates
2020-04-08 11:05:00 -  - exec CUpdateClientPartner::ParseServerData
2020-04-08 11:05:00 -  - loadFile
2020-04-08 11:05:00 - U - RETURN
2020-04-08 11:05:00 -  - exec CUpdateClientPartner::UnGzipArchive
2020-04-08 11:05:00 -  - TIME UnGzipArchive 0.001 sec
2020-04-08 11:05:00 -  - TIME UpdateStepModules 0.002 sec
2020-04-08 11:05:00 - UPD_SUCCESS - Updated: hardkod.turboyandex (0.9.2)<br>   ,   &
2020-04-08 11:05:00 -  - exec CUpdateClientPartner::LoadModulesUpdates
2020-04-08 11:05:00 -  - exec CUpdateClientPartner::__CollectRequestData
2020-04-08 11:05:00 -  - utf=Y&lang=ru&stable=Y&CANGZIP=Y&SUPD_DBS=MYSQL&XE=N&CLIENT_SITE=kgbur.ru&LICENSE_KEY=X&SUPD_STS=1&SUPD_URS=0&SUPD_URSA=2&TYPENC=F&CLIENT_PHPVER=7.0.33-0%2Bdeb9u7&NGINX=Y&dbv=10.1.44&instm=main%2C20.0.0%2CN%3Brest%2C18.5.162%2CN%3Bhardkod.turboyandex%2C0.9.2%2CN%3Blanding%2C19.0.175%2CN%3Baspro.allcorp%2C1.1.5%2CN%3Bseo%2C19.0.800%2CN%3Biblock%2C18.6.1000%2CN%3Btranslate%2C18.0.100%2CN%3Bmessageservice%2C19.0.0%2CN%3Bperfmon%2C18.5.0%2CN%3Bhighloadblock%2C19.0.0%2CN%3Bui%2C19.0.400%2CN%3Bcompression%2C19.0.0%2CN%3Bsocialservices%2C19.0.0%2CN%3Bbitrix.sitecorporate%2C15.5.0%2CN%3Bsearch%2C18.5.200%2CN%3Bfileman%2C18.5.500%2CN%3Bb24connector%2C18.5.0%2CN%3Bbitrixcloud%2C18.5.0%2CN%3Bclouds%2C19.0.0%2CN&reqm=hardkod.turboyandex&lim=Y&SUPD_SRS=RU&SUPD_CMP=Y
2020-04-08 11:05:00 -  - exec CUpdateClientPartner::GetHTTPPage
2020-04-08 11:05:01 -  - TIME LoadModulesUpdates(request) 0.228 sec
2020-04-08 11:05:01 -  - exec CUpdateClientPartner::ParseServerData
2020-04-08 11:05:01 - S - STEP
2020-04-08 11:05:01 - LMU01 - LoadModulesUpdates-Step
2020-04-08 11:05:01 -  - exec CUpdateClientPartner::LoadModulesUpdates
2020-04-08 11:05:01 -  - exec CUpdateClientPartner::ParseServerData
2020-04-08 11:05:01 -  - loadFile
2020-04-08 11:05:01 - U - RETURN
2020-04-08 11:05:01 -  - exec CUpdateClientPartner::UnGzipArchive
2020-04-08 11:05:01 -  - TIME UnGzipArchive 0.002 sec
2020-04-08 11:05:01 - CSURUS1 - Run updater '/bitrix/updates/update_m1586333101/hardkod.turboyandex/updater1.0.3.php'
2020-04-08 11:05:01 -  - TIME UpdateStepModules 0.003 sec
2020-04-08 11:05:01 - UPD_SUCCESS - Updated: hardkod.turboyandex (1.0.3)<br>Fix:    xml  Add:    url      Add:       
2020-04-08 11:05:01 -  - exec CUpdateClientPartner::LoadModulesUpdates
2020-04-08 11:05:01 -  - exec CUpdateClientPartner::__CollectRequestData
2020-04-08 11:05:01 -  - utf=Y&lang=ru&stable=Y&CANGZIP=Y&SUPD_DBS=MYSQL&XE=N&CLIENT_SITE=kgbur.ru&LICENSE_KEY=X&SUPD_STS=1&SUPD_URS=0&SUPD_URSA=2&TYPENC=F&CLIENT_PHPVER=7.0.33-0%2Bdeb9u7&NGINX=Y&dbv=10.1.44&instm=main%2C20.0.0%2CN%3Brest%2C18.5.162%2CN%3Bhardkod.turboyandex%2C1.0.3%2CN%3Blanding%2C19.0.175%2CN%3Baspro.allcorp%2C1.1.5%2CN%3Bseo%2C19.0.800%2CN%3Biblock%2C18.6.1000%2CN%3Btranslate%2C18.0.100%2CN%3Bmessageservice%2C19.0.0%2CN%3Bperfmon%2C18.5.0%2CN%3Bhighloadblock%2C19.0.0%2CN%3Bui%2C19.0.400%2CN%3Bcompression%2C19.0.0%2CN%3Bsocialservices%2C19.0.0%2CN%3Bbitrix.sitecorporate%2C15.5.0%2CN%3Bsearch%2C18.5.200%2CN%3Bfileman%2C18.5.500%2CN%3Bb24connector%2C18.5.0%2CN%3Bbitrixcloud%2C18.5.0%2CN%3Bclouds%2C19.0.0%2CN&reqm=hardkod.turboyandex&lim=Y&SUPD_SRS=RU&SUPD_CMP=Y
2020-04-08 11:05:01 -  - exec CUpdateClientPartner::GetHTTPPage
2020-04-08 11:05:02 -  - TIME LoadModulesUpdates(request) 0.284 sec
2020-04-08 11:05:02 -  - exec CUpdateClientPartner::ParseServerData
2020-04-08 11:05:02 - S - STEP
2020-04-08 11:05:02 - LMU01 - LoadModulesUpdates-Step
2020-04-08 11:05:02 -  - exec CUpdateClientPartner::LoadModulesUpdates
2020-04-08 11:05:02 -  - exec CUpdateClientPartner::ParseServerData
2020-04-08 11:05:02 -  - loadFile
2020-04-08 11:05:02 - U - RETURN
2020-04-08 11:05:02 -  - exec CUpdateClientPartner::UnGzipArchive
2020-04-08 11:05:02 -  - TIME UnGzipArchive 0.002 sec
2020-04-08 11:05:02 - CSURUS1 - Run updater '/bitrix/updates/update_m1586333102/hardkod.turboyandex/updater1.0.4.php'
2020-04-08 11:05:02 -  - TIME UpdateStepModules 0.003 sec
2020-04-08 11:05:02 - UPD_SUCCESS - Updated: hardkod.turboyandex (1.0.4)<br>Fix:        Add:    ,   . Add:       1000 . Del:     ,     .
2020-04-08 11:05:03 -  - exec CUpdateClientPartner::LoadModulesUpdates
2020-04-08 11:05:03 -  - exec CUpdateClientPartner::__CollectRequestData
2020-04-08 11:05:03 -  - utf=Y&lang=ru&stable=Y&CANGZIP=Y&SUPD_DBS=MYSQL&XE=N&CLIENT_SITE=kgbur.ru&LICENSE_KEY=X&SUPD_STS=1&SUPD_URS=0&SUPD_URSA=2&TYPENC=F&CLIENT_PHPVER=7.0.33-0%2Bdeb9u7&NGINX=Y&dbv=10.1.44&instm=main%2C20.0.0%2CN%3Brest%2C18.5.162%2CN%3Bhardkod.turboyandex%2C1.0.4%2CN%3Blanding%2C19.0.175%2CN%3Baspro.allcorp%2C1.1.5%2CN%3Bseo%2C19.0.800%2CN%3Biblock%2C18.6.1000%2CN%3Btranslate%2C18.0.100%2CN%3Bmessageservice%2C19.0.0%2CN%3Bperfmon%2C18.5.0%2CN%3Bhighloadblock%2C19.0.0%2CN%3Bui%2C19.0.400%2CN%3Bcompression%2C19.0.0%2CN%3Bsocialservices%2C19.0.0%2CN%3Bbitrix.sitecorporate%2C15.5.0%2CN%3Bsearch%2C18.5.200%2CN%3Bfileman%2C18.5.500%2CN%3Bb24connector%2C18.5.0%2CN%3Bbitrixcloud%2C18.5.0%2CN%3Bclouds%2C19.0.0%2CN&reqm=hardkod.turboyandex&lim=Y&SUPD_SRS=RU&SUPD_CMP=Y
2020-04-08 11:05:03 -  - exec CUpdateClientPartner::GetHTTPPage
2020-04-08 11:05:09 -  - TIME LoadModulesUpdates(request) 6.234 sec
2020-04-08 11:05:09 -  - exec CUpdateClientPartner::ParseServerData
2020-04-08 11:05:09 - S - STEP
2020-04-08 11:05:09 - LMU01 - LoadModulesUpdates-Step
2020-04-08 11:05:09 -  - exec CUpdateClientPartner::LoadModulesUpdates
2020-04-08 11:05:09 -  - exec CUpdateClientPartner::ParseServerData
2020-04-08 11:05:09 -  - loadFile
2020-04-08 11:05:09 - U - RETURN
2020-04-08 11:05:09 -  - exec CUpdateClientPartner::UnGzipArchive
2020-04-08 11:05:09 -  - TIME UnGzipArchive 0.002 sec
2020-04-08 11:05:09 - CSURUS1 - Run updater '/bitrix/updates/update_m1586333109/hardkod.turboyandex/updater1.0.5.php'
2020-04-08 11:05:09 -  - TIME UpdateStepModules 0.003 sec
2020-04-08 11:05:09 - UPD_SUCCESS - Updated: hardkod.turboyandex (1.0.5)<br>Fix:     . Fix:    : img, h1-h6. Add:    Fix:    Fix:      Add:    Add:    
2020-04-08 11:05:10 -  - exec CUpdateClientPartner::LoadModulesUpdates
2020-04-08 11:05:10 -  - exec CUpdateClientPartner::__CollectRequestData
2020-04-08 11:05:10 -  - utf=Y&lang=ru&stable=Y&CANGZIP=Y&SUPD_DBS=MYSQL&XE=N&CLIENT_SITE=kgbur.ru&LICENSE_KEY=X&SUPD_STS=1&SUPD_URS=0&SUPD_URSA=2&TYPENC=F&CLIENT_PHPVER=7.0.33-0%2Bdeb9u7&NGINX=Y&dbv=10.1.44&instm=main%2C20.0.0%2CN%3Brest%2C18.5.162%2CN%3Bhardkod.turboyandex%2C1.0.5%2CN%3Blanding%2C19.0.175%2CN%3Baspro.allcorp%2C1.1.5%2CN%3Bseo%2C19.0.800%2CN%3Biblock%2C18.6.1000%2CN%3Btranslate%2C18.0.100%2CN%3Bmessageservice%2C19.0.0%2CN%3Bperfmon%2C18.5.0%2CN%3Bhighloadblock%2C19.0.0%2CN%3Bui%2C19.0.400%2CN%3Bcompression%2C19.0.0%2CN%3Bsocialservices%2C19.0.0%2CN%3Bbitrix.sitecorporate%2C15.5.0%2CN%3Bsearch%2C18.5.200%2CN%3Bfileman%2C18.5.500%2CN%3Bb24connector%2C18.5.0%2CN%3Bbitrixcloud%2C18.5.0%2CN%3Bclouds%2C19.0.0%2CN&reqm=hardkod.turboyandex&lim=Y&SUPD_SRS=RU&SUPD_CMP=Y
2020-04-08 11:05:10 -  - exec CUpdateClientPartner::GetHTTPPage
2020-04-08 11:05:10 -  - TIME LoadModulesUpdates(request) 0.346 sec
2020-04-08 11:05:10 -  - exec CUpdateClientPartner::ParseServerData
2020-04-08 11:05:10 - STEP - Finish - NOUPDATES
2020-04-08 11:05:10 - STEP - Finish - NOUPDATES
2020-04-08 11:05:14 -  - exec CUpdateClientPartner::GetUpdatesList
2020-04-08 11:05:14 -  - exec CUpdateClientPartner::__CollectRequestData
2020-04-08 11:05:14 -  - utf=Y&lang=ru&stable=Y&CANGZIP=Y&SUPD_DBS=MYSQL&XE=N&CLIENT_SITE=kgbur.ru&LICENSE_KEY=X&SUPD_STS=1&SUPD_URS=0&SUPD_URSA=2&TYPENC=F&CLIENT_PHPVER=7.0.33-0%2Bdeb9u7&NGINX=Y&dbv=10.1.44&instm=main%2C20.0.0%2CN%3Brest%2C18.5.162%2CN%3Bhardkod.turboyandex%2C1.0.5%2CN%3Blanding%2C19.0.175%2CN%3Baspro.allcorp%2C1.1.5%2CN%3Bseo%2C19.0.800%2CN%3Biblock%2C18.6.1000%2CN%3Btranslate%2C18.0.100%2CN%3Bmessageservice%2C19.0.0%2CN%3Bperfmon%2C18.5.0%2CN%3Bhighloadblock%2C19.0.0%2CN%3Bui%2C19.0.400%2CN%3Bcompression%2C19.0.0%2CN%3Bsocialservices%2C19.0.0%2CN%3Bbitrix.sitecorporate%2C15.5.0%2CN%3Bsearch%2C18.5.200%2CN%3Bfileman%2C18.5.500%2CN%3Bb24connector%2C18.5.0%2CN%3Bbitrixcloud%2C18.5.0%2CN%3Bclouds%2C19.0.0%2CN&reqm=hardkod.turboyandex%2Caspro.allcorp%2Cbitrix.sitecorporate&fullmoduleinfo=Y&SUPD_SRS=RU&SUPD_CMP=Y
2020-04-08 11:05:14 -  - exec CUpdateClientPartner::GetHTTPPage
2020-04-08 11:05:14 -  - TIME GetUpdatesList(request) 0.254 sec
2020-04-08 11:05:14 -  - exec CUpdateClientPartner::ParseServerData
2020-04-08 11:05:15 -  - exec CUpdateClientPartner::GetUpdatesList
2020-04-08 11:05:15 -  - exec CUpdateClientPartner::__CollectRequestData
2020-04-08 11:05:15 -  - utf=Y&lang=ru&stable=Y&CANGZIP=Y&SUPD_DBS=MYSQL&XE=N&CLIENT_SITE=kgbur.ru&LICENSE_KEY=X&SUPD_STS=1&SUPD_URS=0&SUPD_URSA=2&TYPENC=F&CLIENT_PHPVER=7.0.33-0%2Bdeb9u7&NGINX=Y&dbv=10.1.44&instm=main%2C20.0.0%2CN%3Brest%2C18.5.162%2CN%3Bhardkod.turboyandex%2C1.0.5%2CN%3Blanding%2C19.0.175%2CN%3Baspro.allcorp%2C1.1.5%2CN%3Bseo%2C19.0.800%2CN%3Biblock%2C18.6.1000%2CN%3Btranslate%2C18.0.100%2CN%3Bmessageservice%2C19.0.0%2CN%3Bperfmon%2C18.5.0%2CN%3Bhighloadblock%2C19.0.0%2CN%3Bui%2C19.0.400%2CN%3Bcompression%2C19.0.0%2CN%3Bsocialservices%2C19.0.0%2CN%3Bbitrix.sitecorporate%2C15.5.0%2CN%3Bsearch%2C18.5.200%2CN%3Bfileman%2C18.5.500%2CN%3Bb24connector%2C18.5.0%2CN%3Bbitrixcloud%2C18.5.0%2CN%3Bclouds%2C19.0.0%2CN&reqm=hardkod.turboyandex%2Caspro.allcorp%2Cbitrix.sitecorporate&fullmoduleinfo=Y&SUPD_SRS=RU&SUPD_CMP=Y
2020-04-08 11:05:15 -  - exec CUpdateClientPartner::GetHTTPPage
2020-04-08 11:05:15 -  - TIME GetUpdatesList(request) 0.256 sec
2020-04-08 11:05:15 -  - exec CUpdateClientPartner::ParseServerData
2022-09-08 12:10:30 -  - exec CUpdateClientPartner::GetUpdatesList
2022-09-08 12:10:30 -  - exec CUpdateClientPartner::__CollectRequestData
2022-09-08 12:10:30 -  - utf=Y&lang=ru&stable=Y&CANGZIP=Y&SUPD_DBS=MYSQL&XE=N&CLIENT_SITE=kgbur.ru&LICENSE_KEY=X&SUPD_STS=1&SUPD_URS=0&SUPD_URSA=106&TYPENC=F&CLIENT_PHPVER=7.1.33&NGINX=Y&dbv=5.7.35&instm=main%2C20.0.0%2CN%3Baspro.allcorp%2C1.1.5%2CN%3Bclouds%2C19.0.0%2CN%3Brest%2C18.5.162%2CN%3Bhighloadblock%2C19.0.0%2CN%3Bbitrix.sitecorporate%2C15.5.0%2CN%3Bhardkod.turboyandex%2C1.0.5%2CN%3Bfileman%2C18.5.500%2CN%3Bseo%2C19.0.800%2CN%3Bb24connector%2C18.5.0%2CN%3Bmessageservice%2C19.0.0%2CN%3Blanding%2C19.0.175%2CN%3Bbitrixcloud%2C18.5.0%2CN%3Biblock%2C18.6.1000%2CN%3Bsearch%2C18.5.200%2CN%3Bcompression%2C19.0.0%2CN%3Btranslate%2C18.0.100%2CN%3Bsocialservices%2C19.0.0%2CN%3Bui%2C19.0.400%2CN%3Bperfmon%2C18.5.0%2CN&reqm=aspro.allcorp%2Cbitrix.sitecorporate%2Chardkod.turboyandex&fullmoduleinfo=Y&SUPD_SRS=RU&SUPD_CMP=Y
2022-09-08 12:10:30 -  - exec CUpdateClientPartner::GetHTTPPage
2022-09-08 12:10:30 -  - TIME GetUpdatesList(request) 0.291 sec
2022-09-08 12:10:30 -  - exec CUpdateClientPartner::ParseServerData
2022-09-08 12:10:52 -  - exec CUpdateClientPartner::GetUpdatesList
2022-09-08 12:10:52 -  - exec CUpdateClientPartner::__CollectRequestData
2022-09-08 12:10:52 -  - utf=Y&lang=ru&stable=Y&CANGZIP=Y&SUPD_DBS=MYSQL&XE=N&CLIENT_SITE=kgbur.ru&LICENSE_KEY=X&SUPD_STS=1&SUPD_URS=0&SUPD_URSA=106&TYPENC=F&CLIENT_PHPVER=7.1.33&NGINX=Y&dbv=5.7.35&instm=main%2C20.0.0%2CN%3Baspro.allcorp%2C1.1.5%2CN%3Bclouds%2C19.0.0%2CN%3Brest%2C18.5.162%2CN%3Bhighloadblock%2C19.0.0%2CN%3Bbitrix.sitecorporate%2C15.5.0%2CN%3Bhardkod.turboyandex%2C1.0.5%2CN%3Bfileman%2C18.5.500%2CN%3Bseo%2C19.0.800%2CN%3Bb24connector%2C18.5.0%2CN%3Bmessageservice%2C19.0.0%2CN%3Blanding%2C19.0.175%2CN%3Bbitrixcloud%2C18.5.0%2CN%3Biblock%2C18.6.1000%2CN%3Bsearch%2C18.5.200%2CN%3Bcompression%2C19.0.0%2CN%3Btranslate%2C18.0.100%2CN%3Bsocialservices%2C19.0.0%2CN%3Bui%2C19.0.400%2CN%3Bperfmon%2C18.5.0%2CN&reqm=aspro.allcorp%2Cbitrix.sitecorporate%2Chardkod.turboyandex&fullmoduleinfo=Y&SUPD_SRS=RU&SUPD_CMP=Y
2022-09-08 12:10:52 -  - exec CUpdateClientPartner::GetHTTPPage
2022-09-08 12:10:53 -  - TIME GetUpdatesList(request) 0.169 sec
2022-09-08 12:10:53 -  - exec CUpdateClientPartner::ParseServerData
2022-09-08 12:11:17 -  - exec CUpdateClientPartner::GetUpdatesList
2022-09-08 12:11:17 -  - exec CUpdateClientPartner::__CollectRequestData
2022-09-08 12:11:17 -  - utf=Y&lang=ru&stable=Y&CANGZIP=Y&SUPD_DBS=MYSQL&XE=N&CLIENT_SITE=kgbur.ru&LICENSE_KEY=X&SUPD_STS=1&SUPD_URS=0&SUPD_URSA=106&TYPENC=F&CLIENT_PHPVER=7.1.33&NGINX=Y&dbv=5.7.35&instm=main%2C20.0.0%2CN%3Baspro.allcorp%2C1.1.5%2CN%3Bclouds%2C19.0.0%2CN%3Brest%2C18.5.162%2CN%3Bhighloadblock%2C19.0.0%2CN%3Bbitrix.sitecorporate%2C15.5.0%2CN%3Bhardkod.turboyandex%2C1.0.5%2CN%3Bfileman%2C18.5.500%2CN%3Bseo%2C19.0.800%2CN%3Bb24connector%2C18.5.0%2CN%3Bmessageservice%2C19.0.0%2CN%3Blanding%2C19.0.175%2CN%3Bbitrixcloud%2C18.5.0%2CN%3Biblock%2C18.6.1000%2CN%3Bsearch%2C18.5.200%2CN%3Bcompression%2C19.0.0%2CN%3Btranslate%2C18.0.100%2CN%3Bsocialservices%2C19.0.0%2CN%3Bui%2C19.0.400%2CN%3Bperfmon%2C18.5.0%2CN&reqm=aspro.allcorp%2Cbitrix.sitecorporate%2Chardkod.turboyandex%2Cdelight.lazyloadlite&SUPD_SRS=RU&SUPD_CMP=Y
2022-09-08 12:11:17 -  - exec CUpdateClientPartner::GetHTTPPage
2022-09-08 12:11:17 -  - TIME GetUpdatesList(request) 0.19 sec
2022-09-08 12:11:17 -  - exec CUpdateClientPartner::ParseServerData
2022-09-08 12:11:26 -  - exec CUpdateClientPartner::LoadModulesUpdates
2022-09-08 12:11:26 -  - exec CUpdateClientPartner::__CollectRequestData
2022-09-08 12:11:26 -  - utf=Y&lang=ru&stable=Y&CANGZIP=Y&SUPD_DBS=MYSQL&XE=N&CLIENT_SITE=kgbur.ru&LICENSE_KEY=X&SUPD_STS=1&SUPD_URS=0&SUPD_URSA=106&TYPENC=F&CLIENT_PHPVER=7.1.33&NGINX=Y&dbv=5.7.35&instm=main%2C20.0.0%2CN%3Baspro.allcorp%2C1.1.5%2CN%3Bclouds%2C19.0.0%2CN%3Brest%2C18.5.162%2CN%3Bhighloadblock%2C19.0.0%2CN%3Bbitrix.sitecorporate%2C15.5.0%2CN%3Bhardkod.turboyandex%2C1.0.5%2CN%3Bfileman%2C18.5.500%2CN%3Bseo%2C19.0.800%2CN%3Bb24connector%2C18.5.0%2CN%3Bmessageservice%2C19.0.0%2CN%3Blanding%2C19.0.175%2CN%3Bbitrixcloud%2C18.5.0%2CN%3Biblock%2C18.6.1000%2CN%3Bsearch%2C18.5.200%2CN%3Bcompression%2C19.0.0%2CN%3Btranslate%2C18.0.100%2CN%3Bsocialservices%2C19.0.0%2CN%3Bui%2C19.0.400%2CN%3Bperfmon%2C18.5.0%2CN&reqm=delight.lazyloadlite&lim=Y&SUPD_SRS=RU&SUPD_CMP=Y
2022-09-08 12:11:26 -  - exec CUpdateClientPartner::GetHTTPPage
2022-09-08 12:11:26 -  - TIME LoadModulesUpdates(request) 0.179 sec
2022-09-08 12:11:26 -  - exec CUpdateClientPartner::ParseServerData
2022-09-08 12:11:26 - S - STEP
2022-09-08 12:11:26 - LMU01 - LoadModulesUpdates-Step
2022-09-08 12:11:26 -  - exec CUpdateClientPartner::LoadModulesUpdates
2022-09-08 12:11:26 -  - exec CUpdateClientPartner::ParseServerData
2022-09-08 12:11:26 -  - loadFile
2022-09-08 12:11:26 - U - RETURN
2022-09-08 12:11:26 -  - exec CUpdateClientPartner::UnGzipArchive
2022-09-08 12:11:26 -  - TIME UnGzipArchive 0.001 sec
2022-09-08 12:11:26 -  - TIME UpdateStepModules 0.002 sec
2022-09-08 12:11:26 - UPD_SUCCESS - Updated: delight.lazyloadlite
2022-09-08 12:11:27 -  - exec CUpdateClientPartner::LoadModulesUpdates
2022-09-08 12:11:27 -  - exec CUpdateClientPartner::__CollectRequestData
2022-09-08 12:11:27 -  - utf=Y&lang=ru&stable=Y&CANGZIP=Y&SUPD_DBS=MYSQL&XE=N&CLIENT_SITE=kgbur.ru&LICENSE_KEY=X&SUPD_STS=1&SUPD_URS=0&SUPD_URSA=106&TYPENC=F&CLIENT_PHPVER=7.1.33&NGINX=Y&dbv=5.7.35&instm=main%2C20.0.0%2CN%3Baspro.allcorp%2C1.1.5%2CN%3Bclouds%2C19.0.0%2CN%3Brest%2C18.5.162%2CN%3Bhighloadblock%2C19.0.0%2CN%3Bbitrix.sitecorporate%2C15.5.0%2CN%3Bhardkod.turboyandex%2C1.0.5%2CN%3Bfileman%2C18.5.500%2CN%3Bseo%2C19.0.800%2CN%3Bdelight.lazyloadlite%2C1.0.0%2CN%3Bb24connector%2C18.5.0%2CN%3Bmessageservice%2C19.0.0%2CN%3Blanding%2C19.0.175%2CN%3Bbitrixcloud%2C18.5.0%2CN%3Biblock%2C18.6.1000%2CN%3Bsearch%2C18.5.200%2CN%3Bcompression%2C19.0.0%2CN%3Btranslate%2C18.0.100%2CN%3Bsocialservices%2C19.0.0%2CN%3Bui%2C19.0.400%2CN%3Bperfmon%2C18.5.0%2CN&reqm=delight.lazyloadlite&lim=Y&SUPD_SRS=RU&SUPD_CMP=Y
2022-09-08 12:11:27 -  - exec CUpdateClientPartner::GetHTTPPage
2022-09-08 12:11:27 -  - TIME LoadModulesUpdates(request) 0.171 sec
2022-09-08 12:11:27 -  - exec CUpdateClientPartner::ParseServerData
2022-09-08 12:11:27 - S - STEP
2022-09-08 12:11:27 - LMU01 - LoadModulesUpdates-Step
2022-09-08 12:11:27 -  - exec CUpdateClientPartner::LoadModulesUpdates
2022-09-08 12:11:27 -  - exec CUpdateClientPartner::ParseServerData
2022-09-08 12:11:27 -  - loadFile
2022-09-08 12:11:27 - U - RETURN
2022-09-08 12:11:27 -  - exec CUpdateClientPartner::UnGzipArchive
2022-09-08 12:11:27 -  - TIME UnGzipArchive 0.001 sec
2022-09-08 12:11:27 -  - TIME UpdateStepModules 0.001 sec
2022-09-08 12:11:27 - UPD_SUCCESS - Updated: delight.lazyloadlite (1.0.1)<br>  
2022-09-08 12:11:27 -  - exec CUpdateClientPartner::LoadModulesUpdates
2022-09-08 12:11:27 -  - exec CUpdateClientPartner::__CollectRequestData
2022-09-08 12:11:27 -  - utf=Y&lang=ru&stable=Y&CANGZIP=Y&SUPD_DBS=MYSQL&XE=N&CLIENT_SITE=kgbur.ru&LICENSE_KEY=X&SUPD_STS=1&SUPD_URS=0&SUPD_URSA=106&TYPENC=F&CLIENT_PHPVER=7.1.33&NGINX=Y&dbv=5.7.35&instm=main%2C20.0.0%2CN%3Baspro.allcorp%2C1.1.5%2CN%3Bclouds%2C19.0.0%2CN%3Brest%2C18.5.162%2CN%3Bhighloadblock%2C19.0.0%2CN%3Bbitrix.sitecorporate%2C15.5.0%2CN%3Bhardkod.turboyandex%2C1.0.5%2CN%3Bfileman%2C18.5.500%2CN%3Bseo%2C19.0.800%2CN%3Bdelight.lazyloadlite%2C1.0.1%2CN%3Bb24connector%2C18.5.0%2CN%3Bmessageservice%2C19.0.0%2CN%3Blanding%2C19.0.175%2CN%3Bbitrixcloud%2C18.5.0%2CN%3Biblock%2C18.6.1000%2CN%3Bsearch%2C18.5.200%2CN%3Bcompression%2C19.0.0%2CN%3Btranslate%2C18.0.100%2CN%3Bsocialservices%2C19.0.0%2CN%3Bui%2C19.0.400%2CN%3Bperfmon%2C18.5.0%2CN&reqm=delight.lazyloadlite&lim=Y&SUPD_SRS=RU&SUPD_CMP=Y
2022-09-08 12:11:27 -  - exec CUpdateClientPartner::GetHTTPPage
2022-09-08 12:11:27 -  - TIME LoadModulesUpdates(request) 0.189 sec
2022-09-08 12:11:27 -  - exec CUpdateClientPartner::ParseServerData
2022-09-08 12:11:27 - S - STEP
2022-09-08 12:11:27 - LMU01 - LoadModulesUpdates-Step
2022-09-08 12:11:27 -  - exec CUpdateClientPartner::LoadModulesUpdates
2022-09-08 12:11:27 -  - exec CUpdateClientPartner::ParseServerData
2022-09-08 12:11:27 -  - loadFile
2022-09-08 12:11:27 - U - RETURN
2022-09-08 12:11:27 -  - exec CUpdateClientPartner::UnGzipArchive
2022-09-08 12:11:27 -  - TIME UnGzipArchive 0.001 sec
2022-09-08 12:11:27 -  - TIME UpdateStepModules 0.001 sec
2022-09-08 12:11:27 - UPD_SUCCESS - Updated: delight.lazyloadlite (1.0.2)<br>  
2022-09-08 12:11:28 -  - exec CUpdateClientPartner::LoadModulesUpdates
2022-09-08 12:11:28 -  - exec CUpdateClientPartner::__CollectRequestData
2022-09-08 12:11:28 -  - utf=Y&lang=ru&stable=Y&CANGZIP=Y&SUPD_DBS=MYSQL&XE=N&CLIENT_SITE=kgbur.ru&LICENSE_KEY=X&SUPD_STS=1&SUPD_URS=0&SUPD_URSA=106&TYPENC=F&CLIENT_PHPVER=7.1.33&NGINX=Y&dbv=5.7.35&instm=main%2C20.0.0%2CN%3Baspro.allcorp%2C1.1.5%2CN%3Bclouds%2C19.0.0%2CN%3Brest%2C18.5.162%2CN%3Bhighloadblock%2C19.0.0%2CN%3Bbitrix.sitecorporate%2C15.5.0%2CN%3Bhardkod.turboyandex%2C1.0.5%2CN%3Bfileman%2C18.5.500%2CN%3Bseo%2C19.0.800%2CN%3Bdelight.lazyloadlite%2C1.0.2%2CN%3Bb24connector%2C18.5.0%2CN%3Bmessageservice%2C19.0.0%2CN%3Blanding%2C19.0.175%2CN%3Bbitrixcloud%2C18.5.0%2CN%3Biblock%2C18.6.1000%2CN%3Bsearch%2C18.5.200%2CN%3Bcompression%2C19.0.0%2CN%3Btranslate%2C18.0.100%2CN%3Bsocialservices%2C19.0.0%2CN%3Bui%2C19.0.400%2CN%3Bperfmon%2C18.5.0%2CN&reqm=delight.lazyloadlite&lim=Y&SUPD_SRS=RU&SUPD_CMP=Y
2022-09-08 12:11:28 -  - exec CUpdateClientPartner::GetHTTPPage
2022-09-08 12:11:28 -  - TIME LoadModulesUpdates(request) 0.205 sec
2022-09-08 12:11:28 -  - exec CUpdateClientPartner::ParseServerData
2022-09-08 12:11:28 - STEP - Finish - NOUPDATES
2022-09-08 12:11:28 - STEP - Finish - NOUPDATES
2022-09-08 12:11:32 -  - exec CUpdateClientPartner::GetUpdatesList
2022-09-08 12:11:32 -  - exec CUpdateClientPartner::__CollectRequestData
2022-09-08 12:11:32 -  - utf=Y&lang=ru&stable=Y&CANGZIP=Y&SUPD_DBS=MYSQL&XE=N&CLIENT_SITE=kgbur.ru&LICENSE_KEY=X&SUPD_STS=1&SUPD_URS=0&SUPD_URSA=106&TYPENC=F&CLIENT_PHPVER=7.1.33&NGINX=Y&dbv=5.7.35&instm=main%2C20.0.0%2CN%3Baspro.allcorp%2C1.1.5%2CN%3Bclouds%2C19.0.0%2CN%3Brest%2C18.5.162%2CN%3Bhighloadblock%2C19.0.0%2CN%3Bbitrix.sitecorporate%2C15.5.0%2CN%3Bhardkod.turboyandex%2C1.0.5%2CN%3Bfileman%2C18.5.500%2CN%3Bseo%2C19.0.800%2CN%3Bdelight.lazyloadlite%2C1.0.2%2CN%3Bb24connector%2C18.5.0%2CN%3Bmessageservice%2C19.0.0%2CN%3Blanding%2C19.0.175%2CN%3Bbitrixcloud%2C18.5.0%2CN%3Biblock%2C18.6.1000%2CN%3Bsearch%2C18.5.200%2CN%3Bcompression%2C19.0.0%2CN%3Btranslate%2C18.0.100%2CN%3Bsocialservices%2C19.0.0%2CN%3Bui%2C19.0.400%2CN%3Bperfmon%2C18.5.0%2CN&reqm=aspro.allcorp%2Cbitrix.sitecorporate%2Chardkod.turboyandex%2Cdelight.lazyloadlite&fullmoduleinfo=Y&SUPD_SRS=RU&SUPD_CMP=Y
2022-09-08 12:11:32 -  - exec CUpdateClientPartner::GetHTTPPage
2022-09-08 12:11:33 -  - TIME GetUpdatesList(request) 0.198 sec
2022-09-08 12:11:33 -  - exec CUpdateClientPartner::ParseServerData
2022-09-08 12:11:33 -  - exec CUpdateClientPartner::GetUpdatesList
2022-09-08 12:11:33 -  - exec CUpdateClientPartner::__CollectRequestData
2022-09-08 12:11:33 -  - utf=Y&lang=ru&stable=Y&CANGZIP=Y&SUPD_DBS=MYSQL&XE=N&CLIENT_SITE=kgbur.ru&LICENSE_KEY=X&SUPD_STS=1&SUPD_URS=0&SUPD_URSA=106&TYPENC=F&CLIENT_PHPVER=7.1.33&NGINX=Y&dbv=5.7.35&instm=main%2C20.0.0%2CN%3Baspro.allcorp%2C1.1.5%2CN%3Bclouds%2C19.0.0%2CN%3Brest%2C18.5.162%2CN%3Bhighloadblock%2C19.0.0%2CN%3Bbitrix.sitecorporate%2C15.5.0%2CN%3Bhardkod.turboyandex%2C1.0.5%2CN%3Bfileman%2C18.5.500%2CN%3Bseo%2C19.0.800%2CN%3Bdelight.lazyloadlite%2C1.0.2%2CN%3Bb24connector%2C18.5.0%2CN%3Bmessageservice%2C19.0.0%2CN%3Blanding%2C19.0.175%2CN%3Bbitrixcloud%2C18.5.0%2CN%3Biblock%2C18.6.1000%2CN%3Bsearch%2C18.5.200%2CN%3Bcompression%2C19.0.0%2CN%3Btranslate%2C18.0.100%2CN%3Bsocialservices%2C19.0.0%2CN%3Bui%2C19.0.400%2CN%3Bperfmon%2C18.5.0%2CN&reqm=aspro.allcorp%2Cbitrix.sitecorporate%2Chardkod.turboyandex%2Cdelight.lazyloadlite&fullmoduleinfo=Y&SUPD_SRS=RU&SUPD_CMP=Y
2022-09-08 12:11:33 -  - exec CUpdateClientPartner::GetHTTPPage
2022-09-08 12:11:33 -  - TIME GetUpdatesList(request) 0.202 sec
2022-09-08 12:11:33 -  - exec CUpdateClientPartner::ParseServerData
2022-09-08 12:14:39 -  - exec CUpdateClientPartner::GetUpdatesList
2022-09-08 12:14:39 -  - exec CUpdateClientPartner::__CollectRequestData
2022-09-08 12:14:39 -  - utf=Y&lang=ru&stable=Y&CANGZIP=Y&SUPD_DBS=MYSQL&XE=N&CLIENT_SITE=kgbur.ru&LICENSE_KEY=X&SUPD_STS=1&SUPD_URS=0&SUPD_URSA=106&TYPENC=F&CLIENT_PHPVER=7.1.33&NGINX=Y&dbv=5.7.35&instm=main%2C20.0.0%2CN%3Baspro.allcorp%2C1.1.5%2CN%3Bclouds%2C19.0.0%2CN%3Brest%2C18.5.162%2CN%3Bhighloadblock%2C19.0.0%2CN%3Bbitrix.sitecorporate%2C15.5.0%2CN%3Bhardkod.turboyandex%2C1.0.5%2CN%3Bfileman%2C18.5.500%2CN%3Bseo%2C19.0.800%2CN%3Bdelight.lazyloadlite%2C1.0.2%2CN%3Bb24connector%2C18.5.0%2CN%3Bmessageservice%2C19.0.0%2CN%3Blanding%2C19.0.175%2CN%3Bbitrixcloud%2C18.5.0%2CN%3Biblock%2C18.6.1000%2CN%3Bsearch%2C18.5.200%2CN%3Bcompression%2C19.0.0%2CN%3Btranslate%2C18.0.100%2CN%3Bsocialservices%2C19.0.0%2CN%3Bui%2C19.0.400%2CN%3Bperfmon%2C18.5.0%2CN&reqm=aspro.allcorp%2Cbitrix.sitecorporate%2Chardkod.turboyandex%2Cdelight.lazyloadlite&fullmoduleinfo=Y&SUPD_SRS=RU&SUPD_CMP=Y
2022-09-08 12:14:39 -  - exec CUpdateClientPartner::GetHTTPPage
2022-09-08 12:14:39 -  - TIME GetUpdatesList(request) 0.204 sec
2022-09-08 12:14:39 -  - exec CUpdateClientPartner::ParseServerData
2022-09-08 12:14:47 -  - exec CUpdateClientPartner::GetUpdatesList
2022-09-08 12:14:47 -  - exec CUpdateClientPartner::__CollectRequestData
2022-09-08 12:14:47 -  - utf=Y&lang=ru&stable=Y&CANGZIP=Y&SUPD_DBS=MYSQL&XE=N&CLIENT_SITE=kgbur.ru&LICENSE_KEY=X&SUPD_STS=1&SUPD_URS=0&SUPD_URSA=106&TYPENC=F&CLIENT_PHPVER=7.1.33&NGINX=Y&dbv=5.7.35&instm=main%2C20.0.0%2CN%3Baspro.allcorp%2C1.1.5%2CN%3Bclouds%2C19.0.0%2CN%3Brest%2C18.5.162%2CN%3Bhighloadblock%2C19.0.0%2CN%3Bbitrix.sitecorporate%2C15.5.0%2CN%3Bhardkod.turboyandex%2C1.0.5%2CN%3Bfileman%2C18.5.500%2CN%3Bseo%2C19.0.800%2CN%3Bdelight.lazyloadlite%2C1.0.2%2CN%3Bb24connector%2C18.5.0%2CN%3Bmessageservice%2C19.0.0%2CN%3Blanding%2C19.0.175%2CN%3Bbitrixcloud%2C18.5.0%2CN%3Biblock%2C18.6.1000%2CN%3Bsearch%2C18.5.200%2CN%3Bcompression%2C19.0.0%2CN%3Btranslate%2C18.0.100%2CN%3Bsocialservices%2C19.0.0%2CN%3Bui%2C19.0.400%2CN%3Bperfmon%2C18.5.0%2CN&reqm=aspro.allcorp%2Cbitrix.sitecorporate%2Chardkod.turboyandex%2Cdelight.lazyloadlite&fullmoduleinfo=Y&SUPD_SRS=RU&SUPD_CMP=Y
2022-09-08 12:14:47 -  - exec CUpdateClientPartner::GetHTTPPage
2022-09-08 12:14:47 -  - TIME GetUpdatesList(request) 0.182 sec
2022-09-08 12:14:47 -  - exec CUpdateClientPartner::ParseServerData
2022-09-08 12:14:47 -  - exec CUpdateClientPartner::GetUpdatesList
2022-09-08 12:14:47 -  - exec CUpdateClientPartner::__CollectRequestData
2022-09-08 12:14:47 -  - utf=Y&lang=ru&stable=Y&CANGZIP=Y&SUPD_DBS=MYSQL&XE=N&CLIENT_SITE=kgbur.ru&LICENSE_KEY=X&SUPD_STS=1&SUPD_URS=0&SUPD_URSA=106&TYPENC=F&CLIENT_PHPVER=7.1.33&NGINX=Y&dbv=5.7.35&instm=main%2C20.0.0%2CN%3Baspro.allcorp%2C1.1.5%2CN%3Bclouds%2C19.0.0%2CN%3Brest%2C18.5.162%2CN%3Bhighloadblock%2C19.0.0%2CN%3Bbitrix.sitecorporate%2C15.5.0%2CN%3Bhardkod.turboyandex%2C1.0.5%2CN%3Bfileman%2C18.5.500%2CN%3Bseo%2C19.0.800%2CN%3Bdelight.lazyloadlite%2C1.0.2%2CN%3Bb24connector%2C18.5.0%2CN%3Bmessageservice%2C19.0.0%2CN%3Blanding%2C19.0.175%2CN%3Bbitrixcloud%2C18.5.0%2CN%3Biblock%2C18.6.1000%2CN%3Bsearch%2C18.5.200%2CN%3Bcompression%2C19.0.0%2CN%3Btranslate%2C18.0.100%2CN%3Bsocialservices%2C19.0.0%2CN%3Bui%2C19.0.400%2CN%3Bperfmon%2C18.5.0%2CN&reqm=aspro.allcorp%2Cbitrix.sitecorporate%2Chardkod.turboyandex%2Cdelight.lazyloadlite&fullmoduleinfo=Y&SUPD_SRS=RU&SUPD_CMP=Y
2022-09-08 12:14:47 -  - exec CUpdateClientPartner::GetHTTPPage
2022-09-08 12:14:47 -  - TIME GetUpdatesList(request) 0.171 sec
2022-09-08 12:14:47 -  - exec CUpdateClientPartner::ParseServerData
